<?xml version="1.0" encoding="UTF-8"?>
<!-- Generated by org.testng.reporters.JUnitXMLReporter -->
<testsuite ignored="0" hostname="appinventiv-Latitude-7420" failures="0" tests="2" name="Default test" time="117.619" errors="0" timestamp="2025-03-27T00:19:28 IST">
  <testcase classname="org.ankurgoyal.AmountCaluculationValidation" name="amountCalculation" time="20.919"/>
  <testcase classname="org.ankurgoyal.AmountCaluculationValidation" name="amountCalculation" time="77.477"/>
</testsuite> <!-- Default test -->
