<?xml version="1.0" encoding="UTF-8"?>
<!-- Generated by org.testng.reporters.JUnitXMLReporter -->
<testsuite ignored="0" hostname="appinventiv-Latitude-7420" failures="0" tests="2" name="Test" time="75.121" errors="0" timestamp="2025-04-06T17:54:19 IST">
  <testcase classname="org.ankurgoyal.AmountCaluculationValidation" name="amountCalculation" time="24.216"/>
  <testcase classname="org.ankurgoyal.AmountCaluculationValidation" name="amountCalculation" time="22.739"/>
</testsuite> <!-- Test -->
