<?xml version="1.0" encoding="UTF-8"?>
<!-- Generated by org.testng.reporters.JUnitXMLReporter -->
<testsuite ignored="0" hostname="appinventiv-Latitude-7420" failures="0" tests="2" name="Test" time="44.202" errors="0" timestamp="2025-04-07T02:21:36 IST">
  <testcase classname="org.ankurgoyal.AmountCaluculationValidation" name="amountCalculation" time="16.169"/>
  <testcase classname="org.ankurgoyal.AmountCaluculationValidation" name="amountCalculation" time="17.695"/>
</testsuite> <!-- Test -->
