<?xml version="1.0" encoding="UTF-8"?>
<testng-results ignored="0" total="2" passed="2" failed="0" skipped="0">
  <reporter-output>
  </reporter-output>
  <suite started-at="2025-04-06T17:53:03 IST" name="Suite" finished-at="2025-04-06T17:54:18 IST" duration-ms="75121">
    <groups>
      <group name="smoke">
        <method signature="AmountCaluculationValidation.amountCalculation(java.util.HashMap)[pri:0, instance:org.ankurgoyal.AmountCaluculationValidation@53045c6c]" name="amountCalculation" class="org.ankurgoyal.AmountCaluculationValidation"/>
      </group> <!-- smoke -->
    </groups>
    <test started-at="2025-04-06T17:53:03 IST" name="Test" finished-at="2025-04-06T17:54:18 IST" duration-ms="75121">
      <class name="org.ankurgoyal.AmountCaluculationValidation">
        <test-method is-config="true" signature="appiumServerStart()[pri:0, instance:org.ankurgoyal.AmountCaluculationValidation@53045c6c]" started-at="2025-04-06T17:53:03 IST" name="appiumServerStart" finished-at="2025-04-06T17:53:29 IST" duration-ms="26218" status="PASS">
          <reporter-output>
          </reporter-output>
        </test-method> <!-- appiumServerStart -->
        <test-method is-config="true" signature="preSetup()[pri:0, instance:org.ankurgoyal.AmountCaluculationValidation@53045c6c]" started-at="2025-04-06T17:53:29 IST" name="preSetup" finished-at="2025-04-06T17:53:29 IST" duration-ms="116" status="PASS">
          <reporter-output>
          </reporter-output>
        </test-method> <!-- preSetup -->
        <test-method signature="amountCalculation(java.util.HashMap)[pri:0, instance:org.ankurgoyal.AmountCaluculationValidation@53045c6c]" started-at="2025-04-06T17:53:29 IST" name="amountCalculation" data-provider="getData" finished-at="2025-04-06T17:53:54 IST" duration-ms="24216" status="PASS">
          <params>
            <param index="0">
              <value>
                <![CDATA[{name=Ankur Goyal, country=Argentina, gender=male}]]>
              </value>
            </param>
          </params>
          <reporter-output>
          </reporter-output>
        </test-method> <!-- amountCalculation -->
        <test-method is-config="true" signature="preSetup()[pri:0, instance:org.ankurgoyal.AmountCaluculationValidation@53045c6c]" started-at="2025-04-06T17:53:54 IST" name="preSetup" finished-at="2025-04-06T17:53:54 IST" duration-ms="357" status="PASS">
          <reporter-output>
          </reporter-output>
        </test-method> <!-- preSetup -->
        <test-method signature="amountCalculation(java.util.HashMap)[pri:0, instance:org.ankurgoyal.AmountCaluculationValidation@53045c6c]" started-at="2025-04-06T17:53:54 IST" name="amountCalculation" data-provider="getData" finished-at="2025-04-06T17:54:17 IST" duration-ms="22739" status="PASS">
          <params>
            <param index="0">
              <value>
                <![CDATA[{name=Anushka Goyal, country=Albania, gender=female}]]>
              </value>
            </param>
          </params>
          <reporter-output>
          </reporter-output>
        </test-method> <!-- amountCalculation -->
        <test-method is-config="true" signature="tearDown()[pri:0, instance:org.ankurgoyal.AmountCaluculationValidation@53045c6c]" started-at="2025-04-06T17:54:17 IST" name="tearDown" finished-at="2025-04-06T17:54:18 IST" duration-ms="1198" status="PASS">
          <reporter-output>
          </reporter-output>
        </test-method> <!-- tearDown -->
      </class> <!-- org.ankurgoyal.AmountCaluculationValidation -->
    </test> <!-- Test -->
  </suite> <!-- Suite -->
</testng-results>
