<?xml version="1.0" encoding="UTF-8"?>
<testng-results ignored="0" total="2" passed="2" failed="0" skipped="0">
  <reporter-output>
  </reporter-output>
  <suite started-at="2025-04-07T02:20:51 IST" name="Suite" finished-at="2025-04-07T02:21:35 IST" duration-ms="44202">
    <groups>
      <group name="smoke">
        <method signature="AmountCaluculationValidation.amountCalculation(java.util.HashMap)[pri:0, instance:org.ankurgoyal.AmountCaluculationValidation@41b1f51e]" name="amountCalculation" class="org.ankurgoyal.AmountCaluculationValidation"/>
      </group> <!-- smoke -->
    </groups>
    <test started-at="2025-04-07T02:20:51 IST" name="Test" finished-at="2025-04-07T02:21:35 IST" duration-ms="44202">
      <class name="org.ankurgoyal.AmountCaluculationValidation">
        <test-method is-config="true" signature="appiumServerStart()[pri:0, instance:org.ankurgoyal.AmountCaluculationValidation@41b1f51e]" started-at="2025-04-07T02:20:51 IST" name="appiumServerStart" finished-at="2025-04-07T02:21:00 IST" duration-ms="8860" status="PASS">
          <reporter-output>
          </reporter-output>
        </test-method> <!-- appiumServerStart -->
        <test-method is-config="true" signature="preSetup()[pri:0, instance:org.ankurgoyal.AmountCaluculationValidation@41b1f51e]" started-at="2025-04-07T02:21:00 IST" name="preSetup" finished-at="2025-04-07T02:21:00 IST" duration-ms="106" status="PASS">
          <reporter-output>
          </reporter-output>
        </test-method> <!-- preSetup -->
        <test-method signature="amountCalculation(java.util.HashMap)[pri:0, instance:org.ankurgoyal.AmountCaluculationValidation@41b1f51e]" started-at="2025-04-07T02:21:00 IST" name="amountCalculation" data-provider="getData" finished-at="2025-04-07T02:21:16 IST" duration-ms="16169" status="PASS">
          <params>
            <param index="0">
              <value>
                <![CDATA[{name=Ankur Goyal, country=Argentina, gender=male}]]>
              </value>
            </param>
          </params>
          <reporter-output>
          </reporter-output>
        </test-method> <!-- amountCalculation -->
        <test-method is-config="true" signature="preSetup()[pri:0, instance:org.ankurgoyal.AmountCaluculationValidation@41b1f51e]" started-at="2025-04-07T02:21:17 IST" name="preSetup" finished-at="2025-04-07T02:21:17 IST" duration-ms="269" status="PASS">
          <reporter-output>
          </reporter-output>
        </test-method> <!-- preSetup -->
        <test-method signature="amountCalculation(java.util.HashMap)[pri:0, instance:org.ankurgoyal.AmountCaluculationValidation@41b1f51e]" started-at="2025-04-07T02:21:17 IST" name="amountCalculation" data-provider="getData" finished-at="2025-04-07T02:21:34 IST" duration-ms="17695" status="PASS">
          <params>
            <param index="0">
              <value>
                <![CDATA[{name=Anushka Goyal, country=Albania, gender=female}]]>
              </value>
            </param>
          </params>
          <reporter-output>
          </reporter-output>
        </test-method> <!-- amountCalculation -->
        <test-method is-config="true" signature="tearDown()[pri:0, instance:org.ankurgoyal.AmountCaluculationValidation@41b1f51e]" started-at="2025-04-07T02:21:35 IST" name="tearDown" finished-at="2025-04-07T02:21:35 IST" duration-ms="695" status="PASS">
          <reporter-output>
          </reporter-output>
        </test-method> <!-- tearDown -->
      </class> <!-- org.ankurgoyal.AmountCaluculationValidation -->
    </test> <!-- Test -->
  </suite> <!-- Suite -->
</testng-results>
