<?xml version="1.0" encoding="UTF-8"?>
<testsuite xmlns:xsi="http://www.w3.org/2001/XMLSchema-instance" xsi:noNamespaceSchemaLocation="https://maven.apache.org/surefire/maven-surefire-plugin/xsd/surefire-test-report.xsd" version="3.0.2" name="TestSuite" time="76.774" tests="2" errors="0" skipped="0" failures="0">
  <properties>
[...]
</properties>
  <testcase name="amountCalculation[{name=Ankur Goyal, country=Argentina, gender=male}](1)" classname="org.ankurgoyal.AmountCaluculationValidation" time="24.235">
    <system-out><![CDATA[&amp#27;[38;5;112m[Appium]&amp#27;[0m Welcome to Appium v2.16.2
&amp#27;[38;5;112m[Appium]&amp#27;[0m Non-default server args:
&amp#27;[38;5;112m[Appium]&amp#27;[0m { address: &amp#27;[32m'127.0.0.1'&amp#27;[39m }
&amp#27;[38;5;112m[Appium]&amp#27;[0m The autodetected Appium home path: /home/ai/.appium
&amp#27;[38;5;112m[Appium]&amp#27;[0m Attempting to load driver uiautomator2...
&amp#27;[38;5;112m[Appium]&amp#27;[0m Requiring driver at /home/ai/.appium/node_modules/appium-uiautomator2-driver/build/index.js
&amp#27;[38;5;112m[Appium]&amp#27;[0m AndroidUiautomator2Driver has been successfully loaded in 1.429s
&amp#27;[38;5;112m[Appium]&amp#27;[0m Appium REST http interface listener started on http://127.0.0.1:4723
&amp#27;[38;5;112m[Appium]&amp#27;[0m Available drivers:
&amp#27;[38;5;112m[Appium]&amp#27;[0m   - uiautomator2@4.1.0 (automationName 'UiAutomator2')
&amp#27;[38;5;112m[Appium]&amp#27;[0m No plugins have been installed. Use the "appium plugin" command to install the one(s) you want to use.
&amp#27;[38;5;86m[HTTP]&amp#27;[0m &amp#27;[37m-->&amp#27;[39m &amp#27;[37mGET&amp#27;[39m &amp#27;[37m/status&amp#27;[39m &amp#27;[90m{}&amp#27;[39m
&amp#27;[38;5;35m[AppiumDriver@fbba]&amp#27;[0m Calling AppiumDriver.getStatus() with args: []
&amp#27;[38;5;35m[AppiumDriver@fbba]&amp#27;[0m Responding to client with driver.getStatus() result: {"ready":true,"message":"The server is ready to accept new connections","build":{"version":"2.16.2"}}
&amp#27;[38;5;86m[HTTP]&amp#27;[0m &amp#27;[37m<-- GET /status &amp#27;[39m&amp#27;[32m200&amp#27;[39m &amp#27;[90m13 ms - 111&amp#27;[39m &amp#27;[90m&amp#27;[39m
&amp#27;[38;5;86m[HTTP]&amp#27;[0m Request idempotency key: 07a84579-bb50-4abd-8538-2f1be2e413ca
&amp#27;[38;5;86m[HTTP]&amp#27;[0m &amp#27;[37m-->&amp#27;[39m &amp#27;[37mPOST&amp#27;[39m &amp#27;[37m/session&amp#27;[39m &amp#27;[90m{"capabilities":{"firstMatch":[{"appium:chromedriverExecutable":"//home//ai//Downloads//chromedriver-linux64//chromedriver-linux64//chromedriver","appium:deviceName":"Pixel7","platformName":"ANDROID","appium:automationName":"UIAutomator2","appium:app":"//home//ai//eclipse-workspace//E-commerce_app//EcommerceHybridFramework//src//test//java//Resources//General-Store.apk"}]}}&amp#27;[39m
&amp#27;[38;5;35m[AppiumDriver@fbba]&amp#27;[0m Calling AppiumDriver.createSession() with args: [null,null,{"firstMatch":[{"appium:chromedriverExecutable":"//home//ai//Downloads//chromedriver-linux64//chromedriver-linux64//chromedriver","appium:deviceName":"Pixel7","platformName":"ANDROID","appium:automationName":"UIAutomator2","appium:app":"//home//ai//eclipse-workspace//E-commerce_app//EcommerceHybridFramework//src//test//java//Resources//General-Store.apk"}]}]
&amp#27;[38;5;35m[AppiumDriver@fbba]&amp#27;[0m Event 'newSessionRequested' logged at 1743942188720 (17:53:08 GMT+0530 (India Standard Time))
&amp#27;[38;5;112m[Appium]&amp#27;[0m Attempting to find matching driver for automationName 'UIAutomator2' and platformName 'ANDROID'
&amp#27;[38;5;112m[Appium]&amp#27;[0m The 'uiautomator2' driver was installed and matched caps.
&amp#27;[38;5;112m[Appium]&amp#27;[0m Will require it at /home/ai/.appium/node_modules/appium-uiautomator2-driver
&amp#27;[38;5;112m[Appium]&amp#27;[0m Requiring driver at /home/ai/.appium/node_modules/appium-uiautomator2-driver/build/index.js
&amp#27;[38;5;35m[AppiumDriver@fbba]&amp#27;[0m Appium v2.16.2 creating new AndroidUiautomator2Driver (v4.1.0) session
&amp#27;[38;5;35m[AppiumDriver@fbba]&amp#27;[0m Checking BaseDriver versions for Appium and AndroidUiautomator2Driver
&amp#27;[38;5;35m[AppiumDriver@fbba]&amp#27;[0m Appium's BaseDriver version is 9.16.2
&amp#27;[38;5;35m[AppiumDriver@fbba]&amp#27;[0m AndroidUiautomator2Driver's BaseDriver version is 9.16.2
&amp#27;[38;5;-119m[AndroidUiautomator2Driver@577e]&amp#27;[0m 
&amp#27;[38;5;-119m[AndroidUiautomator2Driver@577e]&amp#27;[0m Creating session with W3C capabilities: {
  "alwaysMatch": {
    "platformName": "ANDROID",
    "appium:chromedriverExecutable": "//home//ai//Downloads//chromedriver-linux64//chromedriver-linux64//chromedriver",
    "appium:deviceName": "Pixel7",
    "appium:automationName": "UIAutomator2",
    "appium:app": "//home//ai//eclipse-workspace//E-commerce_app//EcommerceHybridFramework//src//test//java//Resources//General-Store.apk"
  },
  "firstMatch": [
    {}
  ]
}
&amp#27;[38;5;112m[1378d1a9]&amp#27;[0m&amp#27;[38;5;-119m[AndroidUiautomator2Driver@577e]&amp#27;[0m Session created with session id: 1378d1a9-5c49-48c6-aab5-31a5cedb0eba
&amp#27;[38;5;112m[1378d1a9]&amp#27;[0m&amp#27;[38;5;229m[ADB]&amp#27;[0m Found 2 'build-tools' folders under '/home/ai/Android/Sdk' (newest first):
&amp#27;[38;5;112m[1378d1a9]&amp#27;[0m&amp#27;[38;5;229m[ADB]&amp#27;[0m     /home/ai/Android/Sdk/build-tools/35.0.1
&amp#27;[38;5;112m[1378d1a9]&amp#27;[0m&amp#27;[38;5;229m[ADB]&amp#27;[0m     /home/ai/Android/Sdk/build-tools/35.0.0
&amp#27;[38;5;112m[1378d1a9]&amp#27;[0m&amp#27;[38;5;229m[ADB]&amp#27;[0m Using 'adb' from '/home/ai/Android/Sdk/platform-tools/adb'
&amp#27;[38;5;112m[1378d1a9]&amp#27;[0m&amp#27;[38;5;229m[ADB]&amp#27;[0m Running '/home/ai/Android/Sdk/platform-tools/adb -P 5037 start-server'
&amp#27;[38;5;112m[1378d1a9]&amp#27;[0m&amp#27;[38;5;-119m[AndroidUiautomator2Driver@577e]&amp#27;[0m Retrieving device list
&amp#27;[38;5;112m[1378d1a9]&amp#27;[0m&amp#27;[38;5;229m[ADB]&amp#27;[0m Trying to find connected Android devices
&amp#27;[38;5;112m[1378d1a9]&amp#27;[0m&amp#27;[38;5;229m[ADB]&amp#27;[0m Getting connected devices
&amp#27;[38;5;112m[1378d1a9]&amp#27;[0m&amp#27;[38;5;229m[ADB]&amp#27;[0m Connected devices: [{"udid":"emulator-5554","state":"device"}]
&amp#27;[38;5;112m[1378d1a9]&amp#27;[0m&amp#27;[38;5;-119m[AndroidUiautomator2Driver@577e]&amp#27;[0m Using device: emulator-5554
&amp#27;[38;5;112m[1378d1a9]&amp#27;[0m&amp#27;[38;5;229m[ADB]&amp#27;[0m Using 'adb' from '/home/ai/Android/Sdk/platform-tools/adb'
&amp#27;[38;5;112m[1378d1a9]&amp#27;[0m&amp#27;[38;5;229m[ADB]&amp#27;[0m Running '/home/ai/Android/Sdk/platform-tools/adb -P 5037 start-server'
&amp#27;[38;5;112m[1378d1a9]&amp#27;[0m&amp#27;[38;5;229m[ADB]&amp#27;[0m Setting device id to emulator-5554
&amp#27;[38;5;112m[1378d1a9]&amp#27;[0m&amp#27;[38;5;123m[BaseDriver]&amp#27;[0m Using local app '//home//ai//eclipse-workspace//E-commerce_app//EcommerceHybridFramework//src//test//java//Resources//General-Store.apk'
&amp#27;[38;5;112m[1378d1a9]&amp#27;[0m&amp#27;[38;5;-119m[AndroidUiautomator2Driver@577e]&amp#27;[0m Checking whether app is actually present
&amp#27;[38;5;112m[1378d1a9]&amp#27;[0m&amp#27;[38;5;229m[ADB]&amp#27;[0m Running '/home/ai/Android/Sdk/platform-tools/adb -P 5037 -s emulator-5554 shell getprop ro.build.version.sdk'
&amp#27;[38;5;112m[1378d1a9]&amp#27;[0m&amp#27;[38;5;229m[ADB]&amp#27;[0m Current device property 'ro.build.version.sdk': 35
&amp#27;[38;5;112m[1378d1a9]&amp#27;[0m&amp#27;[38;5;229m[ADB]&amp#27;[0m Getting device platform version
&amp#27;[38;5;112m[1378d1a9]&amp#27;[0m&amp#27;[38;5;229m[ADB]&amp#27;[0m Running '/home/ai/Android/Sdk/platform-tools/adb -P 5037 -s emulator-5554 shell getprop ro.build.version.release'
&amp#27;[38;5;112m[1378d1a9]&amp#27;[0m&amp#27;[38;5;229m[ADB]&amp#27;[0m Current device property 'ro.build.version.release': 15
&amp#27;[38;5;112m[1378d1a9]&amp#27;[0m&amp#27;[38;5;229m[ADB]&amp#27;[0m Device API level: 35
&amp#27;[38;5;112m[1378d1a9]&amp#27;[0m&amp#27;[38;5;-119m[AndroidUiautomator2Driver@577e]&amp#27;[0m Relaxing hidden api policy
&amp#27;[38;5;112m[1378d1a9]&amp#27;[0m&amp#27;[38;5;229m[ADB]&amp#27;[0m Running '/home/ai/Android/Sdk/platform-tools/adb -P 5037 -s emulator-5554 shell 'settings put global hidden_api_policy_pre_p_apps 1;settings put global hidden_api_policy_p_apps 1;settings put global hidden_api_policy 1''
&amp#27;[38;5;112m[1378d1a9]&amp#27;[0m&amp#27;[38;5;-119m[AndroidUiautomator2Driver@577e]&amp#27;[0m Parsing package and activity from the 'General-Store.apk' file manifest
&amp#27;[38;5;112m[1378d1a9]&amp#27;[0m&amp#27;[38;5;229m[ADB]&amp#27;[0m Running '/home/ai/Android/Sdk/platform-tools/adb -P 5037 -s emulator-5554 wait-for-device'
&amp#27;[38;5;112m[1378d1a9]&amp#27;[0m&amp#27;[38;5;229m[ADB]&amp#27;[0m Running '/home/ai/Android/Sdk/platform-tools/adb -P 5037 -s emulator-5554 shell echo ping'
&amp#27;[38;5;112m[1378d1a9]&amp#27;[0m&amp#27;[38;5;229m[ADB]&amp#27;[0m Using 'aapt2' from '/home/ai/Android/Sdk/build-tools/35.0.1/aapt2'
&amp#27;[38;5;112m[1378d1a9]&amp#27;[0m&amp#27;[38;5;229m[ADB]&amp#27;[0m Reading package manifest: '/home/ai/Android/Sdk/build-tools/35.0.1/aapt2 dump badging //home//ai//eclipse-workspace//E-commerce_app//EcommerceHybridFramework//src//test//java//Resources//General-Store.apk'
&amp#27;[38;5;112m[1378d1a9]&amp#27;[0m&amp#27;[38;5;229m[ADB]&amp#27;[0m Package name: 'com.androidsample.generalstore'
&amp#27;[38;5;112m[1378d1a9]&amp#27;[0m&amp#27;[38;5;229m[ADB]&amp#27;[0m Main activity name: 'com.androidsample.generalstore.SplashActivity'
&amp#27;[38;5;112m[1378d1a9]&amp#27;[0m&amp#27;[38;5;-119m[AndroidUiautomator2Driver@577e]&amp#27;[0m Resolved launch package -> activity: com.androidsample.generalstore -> com.androidsample.generalstore.SplashActivity
&amp#27;[38;5;112m[1378d1a9]&amp#27;[0m&amp#27;[38;5;-119m[AndroidUiautomator2Driver@577e]&amp#27;[0m Resolved wait package -> activity: com.androidsample.generalstore -> com.androidsample.generalstore.SplashActivity
&amp#27;[38;5;112m[1378d1a9]&amp#27;[0m&amp#27;[38;5;-119m[AndroidUiautomator2Driver@577e]&amp#27;[0m Pushing settings apk to the device...
&amp#27;[38;5;112m[1378d1a9]&amp#27;[0m&amp#27;[38;5;229m[ADB]&amp#27;[0m Getting package info for 'io.appium.settings'
&amp#27;[38;5;112m[1378d1a9]&amp#27;[0m&amp#27;[38;5;229m[ADB]&amp#27;[0m Running '/home/ai/Android/Sdk/platform-tools/adb -P 5037 -s emulator-5554 shell dumpsys package io.appium.settings'
&amp#27;[38;5;112m[1378d1a9]&amp#27;[0m&amp#27;[38;5;229m[ADB]&amp#27;[0m Reading package manifest: '/home/ai/Android/Sdk/build-tools/35.0.1/aapt2 dump badging /home/ai/.appium/node_modules/appium-uiautomator2-driver/node_modules/io.appium.settings/apks/settings_apk-debug.apk'
&amp#27;[38;5;112m[1378d1a9]&amp#27;[0m&amp#27;[38;5;229m[ADB]&amp#27;[0m The version name of the installed 'io.appium.settings' is greater or equal to the application version name ('5.14.1' >= '5.14.1')
&amp#27;[38;5;112m[1378d1a9]&amp#27;[0m&amp#27;[38;5;229m[ADB]&amp#27;[0m There is no need to install/upgrade '/home/ai/.appium/node_modules/appium-uiautomator2-driver/node_modules/io.appium.settings/apks/settings_apk-debug.apk'
&amp#27;[38;5;112m[1378d1a9]&amp#27;[0m&amp#27;[38;5;229m[ADB]&amp#27;[0m Running '/home/ai/Android/Sdk/platform-tools/adb -P 5037 -s emulator-5554 shell dumpsys activity services io.appium.settings'
&amp#27;[38;5;112m[1378d1a9]&amp#27;[0m&amp#27;[38;5;229m[ADB]&amp#27;[0m Running '/home/ai/Android/Sdk/platform-tools/adb -P 5037 -s emulator-5554 shell cmd notification allow_listener io.appium.settings/.NLService'
&amp#27;[38;5;112m[1378d1a9]&amp#27;[0m&amp#27;[38;5;229m[ADB]&amp#27;[0m Running '/home/ai/Android/Sdk/platform-tools/adb -P 5037 -s emulator-5554 shell appops set io.appium.settings PROJECT_MEDIA allow'
&amp#27;[38;5;112m[1378d1a9]&amp#27;[0m&amp#27;[38;5;229m[ADB]&amp#27;[0m Running '/home/ai/Android/Sdk/platform-tools/adb -P 5037 -s emulator-5554 shell dumpsys activity services io.appium.settings'
&amp#27;[38;5;112m[1378d1a9]&amp#27;[0m&amp#27;[38;5;78m[SettingsApp]&amp#27;[0m Starting Appium Settings app
&amp#27;[38;5;112m[1378d1a9]&amp#27;[0m&amp#27;[38;5;229m[ADB]&amp#27;[0m Running '/home/ai/Android/Sdk/platform-tools/adb -P 5037 -s emulator-5554 shell am start-activity -n io.appium.settings/.Settings -a android.intent.action.MAIN -c android.intent.category.LAUNCHER'
&amp#27;[38;5;112m[1378d1a9]&amp#27;[0m&amp#27;[38;5;229m[ADB]&amp#27;[0m Running '/home/ai/Android/Sdk/platform-tools/adb -P 5037 -s emulator-5554 shell dumpsys activity services io.appium.settings'
&amp#27;[38;5;112m[1378d1a9]&amp#27;[0m&amp#27;[38;5;229m[ADB]&amp#27;[0m Running '/home/ai/Android/Sdk/platform-tools/adb -P 5037 -s emulator-5554 shell dumpsys activity services io.appium.settings'
&amp#27;[38;5;112m[1378d1a9]&amp#27;[0m&amp#27;[38;5;229m[ADB]&amp#27;[0m Running '/home/ai/Android/Sdk/platform-tools/adb -P 5037 -s emulator-5554 shell dumpsys activity services io.appium.settings'
&amp#27;[38;5;112m[1378d1a9]&amp#27;[0m&amp#27;[38;5;160m[Logcat]&amp#27;[0m Starting logs capture with command: /home/ai/Android/Sdk/platform-tools/adb -P 5037 -s emulator-5554 logcat -v threadtime
&amp#27;[38;5;112m[1378d1a9]&amp#27;[0m&amp#27;[38;5;-119m[AndroidUiautomator2Driver@577e]&amp#27;[0m Forwarding UiAutomator2 Server port 6790 to local port 8200
&amp#27;[38;5;112m[1378d1a9]&amp#27;[0m&amp#27;[38;5;229m[ADB]&amp#27;[0m Forwarding system: 8200 to device: 6790
&amp#27;[38;5;112m[1378d1a9]&amp#27;[0m&amp#27;[38;5;229m[ADB]&amp#27;[0m Running '/home/ai/Android/Sdk/platform-tools/adb -P 5037 -s emulator-5554 forward tcp:8200 tcp:6790'
&amp#27;[38;5;112m[1378d1a9]&amp#27;[0m&amp#27;[38;5;229m[ADB]&amp#27;[0m Getting package info for 'io.appium.uiautomator2.server'
&amp#27;[38;5;112m[1378d1a9]&amp#27;[0m&amp#27;[38;5;229m[ADB]&amp#27;[0m Running '/home/ai/Android/Sdk/platform-tools/adb -P 5037 -s emulator-5554 shell dumpsys package io.appium.uiautomator2.server'
&amp#27;[38;5;112m[1378d1a9]&amp#27;[0m&amp#27;[38;5;229m[ADB]&amp#27;[0m Getting install status for io.appium.uiautomator2.server.test
&amp#27;[38;5;112m[1378d1a9]&amp#27;[0m&amp#27;[38;5;229m[ADB]&amp#27;[0m Checking app cert for //home//ai//eclipse-workspace//E-commerce_app//EcommerceHybridFramework//src//test//java//Resources//General-Store.apk
&amp#27;[38;5;112m[1378d1a9]&amp#27;[0m&amp#27;[38;5;229m[ADB]&amp#27;[0m Running '/home/ai/Android/Sdk/platform-tools/adb -P 5037 -s emulator-5554 shell cmd package list packages'
&amp#27;[38;5;112m[1378d1a9]&amp#27;[0m&amp#27;[38;5;229m[ADB]&amp#27;[0m Using 'apksigner.jar' from '/home/ai/Android/Sdk/build-tools/35.0.1/lib/apksigner.jar'
&amp#27;[38;5;112m[1378d1a9]&amp#27;[0m&amp#27;[38;5;229m[ADB]&amp#27;[0m Starting apksigner: /usr/lib/jvm/java-17-openjdk-amd64/bin/java -Xmx1024M -Xss1m -jar /home/ai/Android/Sdk/build-tools/35.0.1/lib/apksigner.jar verify --print-certs //home//ai//eclipse-workspace//E-commerce_app//EcommerceHybridFramework//src//test//java//Resources//General-Store.apk
&amp#27;[38;5;112m[1378d1a9]&amp#27;[0m&amp#27;[38;5;229m[ADB]&amp#27;[0m 'io.appium.uiautomator2.server.test' is installed
&amp#27;[38;5;112m[1378d1a9]&amp#27;[0m&amp#27;[38;5;229m[ADB]&amp#27;[0m Reading package manifest: '/home/ai/Android/Sdk/build-tools/35.0.1/aapt2 dump badging /home/ai/.appium/node_modules/appium-uiautomator2-driver/node_modules/appium-uiautomator2-server/apks/appium-uiautomator2-server-v7.2.3.apk'
&amp#27;[38;5;112m[1378d1a9]&amp#27;[0m&amp#27;[38;5;229m[ADB]&amp#27;[0m The version name of the installed 'io.appium.uiautomator2.server' is greater or equal to the application version name ('7.2.3' >= '7.2.3')
&amp#27;[38;5;112m[1378d1a9]&amp#27;[0m&amp#27;[38;5;-119m[AndroidUiautomator2Driver@577e]&amp#27;[0m Server packages status: [{"installState":"sameVersionInstalled","appPath":"/home/ai/.appium/node_modules/appium-uiautomator2-driver/node_modules/appium-uiautomator2-server/apks/appium-uiautomator2-server-v7.2.3.apk","appId":"io.appium.uiautomator2.server"},{"installState":"sameVersionInstalled","appPath":"/home/ai/.appium/node_modules/appium-uiautomator2-driver/node_modules/appium-uiautomator2-server/apks/appium-uiautomator2-server-debug-androidTest.apk","appId":"io.appium.uiautomator2.server.test"}]
&amp#27;[38;5;112m[1378d1a9]&amp#27;[0m&amp#27;[38;5;-119m[AndroidUiautomator2Driver@577e]&amp#27;[0m Server packages are not going to be (re)installed
&amp#27;[38;5;112m[1378d1a9]&amp#27;[0m&amp#27;[38;5;-119m[AndroidUiautomator2Driver@577e]&amp#27;[0m Waiting up to 30000ms for services to be available
&amp#27;[38;5;112m[1378d1a9]&amp#27;[0m&amp#27;[38;5;229m[ADB]&amp#27;[0m Running '/home/ai/Android/Sdk/platform-tools/adb -P 5037 -s emulator-5554 shell pm list instrumentation'
&amp#27;[38;5;112m[1378d1a9]&amp#27;[0m&amp#27;[38;5;-119m[AndroidUiautomator2Driver@577e]&amp#27;[0m Instrumentation target 'io.appium.uiautomator2.server.test/androidx.test.runner.AndroidJUnitRunner' is available
&amp#27;[38;5;112m[1378d1a9]&amp#27;[0m&amp#27;[38;5;229m[ADB]&amp#27;[0m Adding packages ["io.appium.settings","io.appium.uiautomator2.server","io.appium.uiautomator2.server.test"] to Doze whitelist
&amp#27;[38;5;112m[1378d1a9]&amp#27;[0m&amp#27;[38;5;229m[ADB]&amp#27;[0m Got the following command chunks to execute: [["dumpsys","deviceidle","whitelist","+io.appium.settings",";","dumpsys","deviceidle","whitelist","+io.appium.uiautomator2.server",";","dumpsys","deviceidle","whitelist","+io.appium.uiautomator2.server.test",";"]]
&amp#27;[38;5;112m[1378d1a9]&amp#27;[0m&amp#27;[38;5;229m[ADB]&amp#27;[0m Running '/home/ai/Android/Sdk/platform-tools/adb -P 5037 -s emulator-5554 shell dumpsys deviceidle whitelist +io.appium.settings ; dumpsys deviceidle whitelist +io.appium.uiautomator2.server ; dumpsys deviceidle whitelist +io.appium.uiautomator2.server.test ;'
&amp#27;[38;5;112m[1378d1a9]&amp#27;[0m&amp#27;[38;5;229m[ADB]&amp#27;[0m apksigner stdout: Signer #1 certificate DN: C=US, O=Android, CN=Android Debug
Signer #1 certificate SHA-256 digest: f5f5931c019be6bff8a26255f76ae9ef8a8e631d2a702ec10e91110231549eef
Signer #1 certificate SHA-1 digest: b250161db8b5d0a1bd39154c9fd749bdad79c1a3
Signer #1 certificate MD5 digest: 7a5550323d84472ca25a0861c63e0a6c

&amp#27;[38;5;112m[1378d1a9]&amp#27;[0m&amp#27;[38;5;229m[ADB]&amp#27;[0m '//home//ai//eclipse-workspace//E-commerce_app//EcommerceHybridFramework//src//test//java//Resources//General-Store.apk' is signed with a non-default certificate
&amp#27;[38;5;112m[1378d1a9]&amp#27;[0m&amp#27;[38;5;229m[ADB]&amp#27;[0m Getting package info for 'com.androidsample.generalstore'
&amp#27;[38;5;112m[1378d1a9]&amp#27;[0m&amp#27;[38;5;229m[ADB]&amp#27;[0m Running '/home/ai/Android/Sdk/platform-tools/adb -P 5037 -s emulator-5554 shell dumpsys package com.androidsample.generalstore'
&amp#27;[38;5;112m[1378d1a9]&amp#27;[0m&amp#27;[38;5;229m[ADB]&amp#27;[0m Reading package manifest: '/home/ai/Android/Sdk/build-tools/35.0.1/aapt2 dump badging //home//ai//eclipse-workspace//E-commerce_app//EcommerceHybridFramework//src//test//java//Resources//General-Store.apk'
&amp#27;[38;5;112m[1378d1a9]&amp#27;[0m&amp#27;[38;5;229m[ADB]&amp#27;[0m The version name of the installed 'com.androidsample.generalstore' is greater or equal to the application version name ('1.0.0' >= '1.0.0')
&amp#27;[38;5;112m[1378d1a9]&amp#27;[0m&amp#27;[38;5;229m[ADB]&amp#27;[0m There is no need to install/upgrade '//home//ai//eclipse-workspace//E-commerce_app//EcommerceHybridFramework//src//test//java//Resources//General-Store.apk'
&amp#27;[38;5;112m[1378d1a9]&amp#27;[0m&amp#27;[38;5;-119m[AndroidUiautomator2Driver@577e]&amp#27;[0m Performing fast reset on 'com.androidsample.generalstore'
&amp#27;[38;5;112m[1378d1a9]&amp#27;[0m&amp#27;[38;5;229m[ADB]&amp#27;[0m Getting install status for com.androidsample.generalstore
&amp#27;[38;5;112m[1378d1a9]&amp#27;[0m&amp#27;[38;5;229m[ADB]&amp#27;[0m Running '/home/ai/Android/Sdk/platform-tools/adb -P 5037 -s emulator-5554 shell cmd package list packages'
&amp#27;[38;5;112m[1378d1a9]&amp#27;[0m&amp#27;[38;5;229m[ADB]&amp#27;[0m 'com.androidsample.generalstore' is installed
&amp#27;[38;5;112m[1378d1a9]&amp#27;[0m&amp#27;[38;5;229m[ADB]&amp#27;[0m Running '/home/ai/Android/Sdk/platform-tools/adb -P 5037 -s emulator-5554 shell am force-stop com.androidsample.generalstore'
&amp#27;[38;5;112m[1378d1a9]&amp#27;[0m&amp#27;[38;5;229m[ADB]&amp#27;[0m Running '/home/ai/Android/Sdk/platform-tools/adb -P 5037 -s emulator-5554 shell pm clear com.androidsample.generalstore'
&amp#27;[38;5;112m[1378d1a9]&amp#27;[0m&amp#27;[38;5;-119m[AndroidUiautomator2Driver@577e]&amp#27;[0m Performed fast reset on the installed 'com.androidsample.generalstore' application (stop and clear)
&amp#27;[38;5;112m[1378d1a9]&amp#27;[0m&amp#27;[38;5;-119m[AndroidUiautomator2Driver@577e]&amp#27;[0m Performing shallow cleanup of automation leftovers
&amp#27;[38;5;112m[1378d1a9]&amp#27;[0m&amp#27;[38;5;-119m[AndroidUiautomator2Driver@577e]&amp#27;[0m No obsolete sessions have been detected (socket hang up)
&amp#27;[38;5;112m[1378d1a9]&amp#27;[0m&amp#27;[38;5;229m[ADB]&amp#27;[0m Running '/home/ai/Android/Sdk/platform-tools/adb -P 5037 -s emulator-5554 shell am force-stop io.appium.uiautomator2.server'
&amp#27;[38;5;112m[1378d1a9]&amp#27;[0m&amp#27;[38;5;229m[ADB]&amp#27;[0m Running '/home/ai/Android/Sdk/platform-tools/adb -P 5037 -s emulator-5554 shell am force-stop io.appium.uiautomator2.server.test'
&amp#27;[38;5;112m[1378d1a9]&amp#27;[0m&amp#27;[38;5;-119m[AndroidUiautomator2Driver@577e]&amp#27;[0m Starting UIAutomator2 server 7.2.3
&amp#27;[38;5;112m[1378d1a9]&amp#27;[0m&amp#27;[38;5;-119m[AndroidUiautomator2Driver@577e]&amp#27;[0m Using UIAutomator2 server from '/home/ai/.appium/node_modules/appium-uiautomator2-driver/node_modules/appium-uiautomator2-server/apks/appium-uiautomator2-server-v7.2.3.apk' and test from '/home/ai/.appium/node_modules/appium-uiautomator2-driver/node_modules/appium-uiautomator2-server/apks/appium-uiautomator2-server-debug-androidTest.apk'
&amp#27;[38;5;112m[1378d1a9]&amp#27;[0m&amp#27;[38;5;-119m[AndroidUiautomator2Driver@577e]&amp#27;[0m Waiting up to 30000ms for UiAutomator2 to be online...
&amp#27;[38;5;112m[1378d1a9]&amp#27;[0m&amp#27;[38;5;229m[ADB]&amp#27;[0m Creating ADB subprocess with args: ["-P","5037","-s","emulator-5554","shell","am","instrument","-w","-e","disableAnalytics","true","io.appium.uiautomator2.server.test/androidx.test.runner.AndroidJUnitRunner"]
&amp#27;[38;5;112m[1378d1a9]&amp#27;[0m&amp#27;[38;5;-119m[AndroidUiautomator2Driver@577e]&amp#27;[0m Matched '/status' to command name 'getStatus'
&amp#27;[38;5;112m[1378d1a9]&amp#27;[0m&amp#27;[38;5;-119m[AndroidUiautomator2Driver@577e]&amp#27;[0m Proxying [GET /status] to [GET http://127.0.0.1:8200/status] with no body
&amp#27;[38;5;112m[1378d1a9]&amp#27;[0m&amp#27;[38;5;-119m[AndroidUiautomator2Driver@577e]&amp#27;[0m socket hang up
&amp#27;[38;5;112m[1378d1a9]&amp#27;[0m&amp#27;[38;5;-119m[AndroidUiautomator2Driver@577e]&amp#27;[0m Matched '/status' to command name 'getStatus'
&amp#27;[38;5;112m[1378d1a9]&amp#27;[0m&amp#27;[38;5;-119m[AndroidUiautomator2Driver@577e]&amp#27;[0m Proxying [GET /status] to [GET http://127.0.0.1:8200/status] with no body
&amp#27;[38;5;112m[1378d1a9]&amp#27;[0m&amp#27;[38;5;-119m[AndroidUiautomator2Driver@577e]&amp#27;[0m socket hang up
&amp#27;[38;5;112m[1378d1a9]&amp#27;[0m&amp#27;[38;5;-119m[AndroidUiautomator2Driver@577e]&amp#27;[0m Matched '/status' to command name 'getStatus'
&amp#27;[38;5;112m[1378d1a9]&amp#27;[0m&amp#27;[38;5;-119m[AndroidUiautomator2Driver@577e]&amp#27;[0m Proxying [GET /status] to [GET http://127.0.0.1:8200/status] with no body
&amp#27;[38;5;112m[1378d1a9]&amp#27;[0m&amp#27;[38;5;-119m[AndroidUiautomator2Driver@577e]&amp#27;[0m socket hang up
&amp#27;[38;5;112m[1378d1a9]&amp#27;[0m&amp#27;[38;5;-119m[AndroidUiautomator2Driver@577e]&amp#27;[0m Matched '/status' to command name 'getStatus'
&amp#27;[38;5;112m[1378d1a9]&amp#27;[0m&amp#27;[38;5;-119m[AndroidUiautomator2Driver@577e]&amp#27;[0m Proxying [GET /status] to [GET http://127.0.0.1:8200/status] with no body
&amp#27;[38;5;112m[1378d1a9]&amp#27;[0m&amp#27;[38;5;-119m[AndroidUiautomator2Driver@577e]&amp#27;[0m socket hang up
&amp#27;[38;5;112m[1378d1a9]&amp#27;[0m&amp#27;[38;5;-119m[AndroidUiautomator2Driver@577e]&amp#27;[0m Matched '/status' to command name 'getStatus'
&amp#27;[38;5;112m[1378d1a9]&amp#27;[0m&amp#27;[38;5;-119m[AndroidUiautomator2Driver@577e]&amp#27;[0m Proxying [GET /status] to [GET http://127.0.0.1:8200/status] with no body
&amp#27;[38;5;112m[1378d1a9]&amp#27;[0m&amp#27;[38;5;-119m[AndroidUiautomator2Driver@577e]&amp#27;[0m socket hang up
&amp#27;[38;5;112m[1378d1a9]&amp#27;[0m&amp#27;[38;5;-119m[AndroidUiautomator2Driver@577e]&amp#27;[0m Matched '/status' to command name 'getStatus'
&amp#27;[38;5;112m[1378d1a9]&amp#27;[0m&amp#27;[38;5;-119m[AndroidUiautomator2Driver@577e]&amp#27;[0m Proxying [GET /status] to [GET http://127.0.0.1:8200/status] with no body
&amp#27;[38;5;112m[1378d1a9]&amp#27;[0m&amp#27;[38;5;-119m[AndroidUiautomator2Driver@577e]&amp#27;[0m socket hang up
&amp#27;[38;5;112m[1378d1a9]&amp#27;[0m&amp#27;[38;5;-119m[AndroidUiautomator2Driver@577e]&amp#27;[0m Matched '/status' to command name 'getStatus'
&amp#27;[38;5;112m[1378d1a9]&amp#27;[0m&amp#27;[38;5;-119m[AndroidUiautomator2Driver@577e]&amp#27;[0m Proxying [GET /status] to [GET http://127.0.0.1:8200/status] with no body
&amp#27;[38;5;112m[1378d1a9]&amp#27;[0m&amp#27;[38;5;-119m[AndroidUiautomator2Driver@577e]&amp#27;[0m socket hang up
&amp#27;[38;5;112m[1378d1a9]&amp#27;[0m&amp#27;[38;5;-119m[AndroidUiautomator2Driver@577e]&amp#27;[0m [Instrumentation] 
&amp#27;[38;5;112m[1378d1a9]&amp#27;[0m&amp#27;[38;5;-119m[AndroidUiautomator2Driver@577e]&amp#27;[0m Matched '/status' to command name 'getStatus'
&amp#27;[38;5;112m[1378d1a9]&amp#27;[0m&amp#27;[38;5;-119m[AndroidUiautomator2Driver@577e]&amp#27;[0m Proxying [GET /status] to [GET http://127.0.0.1:8200/status] with no body
&amp#27;[38;5;112m[1378d1a9]&amp#27;[0m&amp#27;[38;5;-119m[AndroidUiautomator2Driver@577e]&amp#27;[0m socket hang up
&amp#27;[38;5;112m[1378d1a9]&amp#27;[0m&amp#27;[38;5;-119m[AndroidUiautomator2Driver@577e]&amp#27;[0m Matched '/status' to command name 'getStatus'
&amp#27;[38;5;112m[1378d1a9]&amp#27;[0m&amp#27;[38;5;-119m[AndroidUiautomator2Driver@577e]&amp#27;[0m Proxying [GET /status] to [GET http://127.0.0.1:8200/status] with no body
&amp#27;[38;5;112m[1378d1a9]&amp#27;[0m&amp#27;[38;5;-119m[AndroidUiautomator2Driver@577e]&amp#27;[0m Got response with status 200: {"sessionId":"None","value":{"message":"UiAutomator2 Server is ready to accept commands","ready":true}}
&amp#27;[38;5;112m[1378d1a9]&amp#27;[0m&amp#27;[38;5;-119m[AndroidUiautomator2Driver@577e]&amp#27;[0m The initialization of the instrumentation process took 8527ms
&amp#27;[38;5;112m[1378d1a9]&amp#27;[0m&amp#27;[38;5;-119m[AndroidUiautomator2Driver@577e]&amp#27;[0m Matched '/session' to command name 'createSession'
&amp#27;[38;5;112m[1378d1a9]&amp#27;[0m&amp#27;[38;5;-119m[AndroidUiautomator2Driver@577e]&amp#27;[0m Proxying [POST /session] to [POST http://127.0.0.1:8200/session] with body: {"capabilities":{"firstMatch":[{"platformName":"ANDROID","chromedriverExecutable":"//home//ai//Downloads//chromedriver-linux64//chromedriver-linux64//chromedriver","deviceName":"emulator-5554","automationName":"UIAutomator2","app":"//home//ai//eclipse-workspace//E-commerce_app//EcommerceHybridFramework//src//test//java//Resources//General-Store.apk","platform":"LINUX","webStorageEnabled":false,"takesScreenshot":true,"javascriptEnabled":true,"databaseEnabled":false,"networkConnectionEnabled":true,"locationContextEnabled":false,"warnings":{},"desired":{"platformName":"ANDROID","chromedriverExecutable":"//home//ai//Downloads//chromedriver-linux64//chromedriver-linux64//chromedriver","deviceName":"Pixel7","automationName":"UIAutomator2","app":"//home//ai//eclipse-workspace//E-commerce_app//EcommerceHybridFramework//src//test//java//Resources//General-Store.apk"},"deviceUDID":"emulator-5554","appPackage":"com.androidsample.generalstore","appActivity":"com.androidsample.generalstore.SplashActivity"}],"alwaysMatc...
&amp#27;[38;5;112m[1378d1a9]&amp#27;[0m&amp#27;[38;5;-119m[AndroidUiautomator2Driver@577e]&amp#27;[0m Got response with status 200: {"sessionId":"6b0f9b49-ed38-4473-ba20-9711b385699f","value":{"capabilities":{"firstMatch":[{"platformName":"ANDROID","chromedriverExecutable":"//home//ai//Downloads//chromedriver-linux64//chromedriver-linux64//chromedriver","deviceName":"emulator-5554","automationName":"UIAutomator2","app":"//home//ai//eclipse-workspace//E-commerce_app//EcommerceHybridFramework//src//test//java//Resources//General-Store.apk","platform":"LINUX","webStorageEnabled":false,"takesScreenshot":true,"javascriptEnabled":true,"databaseEnabled":false,"networkConnectionEnabled":true,"locationContextEnabled":false,"warnings":{},"desired":{"platformName":"ANDROID","chromedriverExecutable":"//home//ai//Downloads//chromedriver-linux64//chromedriver-linux64//chromedriver","deviceName":"Pixel7","automationName":"UIAutomator2","app":"//home//ai//eclipse-workspace//E-commerce_app//EcommerceHybridFramework//src//test//java//Resources//General-Store.apk"},"deviceUDID":"emulator-5554","appPackage":"com.androidsample.generalstore","appActivity":"...
&amp#27;[38;5;112m[1378d1a9]&amp#27;[0m&amp#27;[38;5;-119m[AndroidUiautomator2Driver@577e]&amp#27;[0m Determined the downstream protocol as 'W3C'
&amp#27;[38;5;112m[1378d1a9]&amp#27;[0m&amp#27;[38;5;-119m[AndroidUiautomator2Driver@577e]&amp#27;[0m Proxying [GET /appium/device/pixel_ratio] to [GET http://127.0.0.1:8200/session/6b0f9b49-ed38-4473-ba20-9711b385699f/appium/device/pixel_ratio] with no body
&amp#27;[38;5;112m[1378d1a9]&amp#27;[0m&amp#27;[38;5;-119m[AndroidUiautomator2Driver@577e]&amp#27;[0m Matched '/appium/device/system_bars' to command name 'getSystemBars'
&amp#27;[38;5;112m[1378d1a9]&amp#27;[0m&amp#27;[38;5;-119m[AndroidUiautomator2Driver@577e]&amp#27;[0m Proxying [GET /appium/device/system_bars] to [GET http://127.0.0.1:8200/session/6b0f9b49-ed38-4473-ba20-9711b385699f/appium/device/system_bars] with no body
&amp#27;[38;5;112m[1378d1a9]&amp#27;[0m&amp#27;[38;5;-119m[AndroidUiautomator2Driver@577e]&amp#27;[0m Matched '/window/current/size' to command name 'getWindowSize'
&amp#27;[38;5;112m[1378d1a9]&amp#27;[0m&amp#27;[38;5;-119m[AndroidUiautomator2Driver@577e]&amp#27;[0m Proxying [GET /window/current/size] to [GET http://127.0.0.1:8200/session/6b0f9b49-ed38-4473-ba20-9711b385699f/window/current/size] with no body
&amp#27;[38;5;112m[1378d1a9]&amp#27;[0m&amp#27;[38;5;-119m[AndroidUiautomator2Driver@577e]&amp#27;[0m Proxying [GET /appium/device/info] to [GET http://127.0.0.1:8200/session/6b0f9b49-ed38-4473-ba20-9711b385699f/appium/device/info] with no body
&amp#27;[38;5;112m[1378d1a9]&amp#27;[0m&amp#27;[38;5;229m[ADB]&amp#27;[0m Running '/home/ai/Android/Sdk/platform-tools/adb -P 5037 -s emulator-5554 shell dumpsys window'
&amp#27;[38;5;112m[1378d1a9]&amp#27;[0m&amp#27;[38;5;229m[ADB]&amp#27;[0m Running '/home/ai/Android/Sdk/platform-tools/adb -P 5037 -s emulator-5554 shell dumpsys power'
&amp#27;[38;5;112m[1378d1a9]&amp#27;[0m&amp#27;[38;5;-119m[AndroidUiautomator2Driver@577e]&amp#27;[0m Got response with status 200: {"sessionId":"6b0f9b49-ed38-4473-ba20-9711b385699f","value":2.625}
&amp#27;[38;5;112m[1378d1a9]&amp#27;[0m&amp#27;[38;5;-119m[AndroidUiautomator2Driver@577e]&amp#27;[0m Got response with status 200: {"sessionId":"6b0f9b49-ed38-4473-ba20-9711b385699f","value":{"height":2400,"width":1080}}
&amp#27;[38;5;112m[1378d1a9]&amp#27;[0m&amp#27;[38;5;-119m[AndroidUiautomator2Driver@577e]&amp#27;[0m Got response with status 200: {"sessionId":"6b0f9b49-ed38-4473-ba20-9711b385699f","value":{"statusBar":136}}
&amp#27;[38;5;112m[1378d1a9]&amp#27;[0m&amp#27;[38;5;-119m[AndroidUiautomator2Driver@577e]&amp#27;[0m Got response with status 200: {"sessionId":"6b0f9b49-ed38-4473-ba20-9711b385699f","value":{"androidId":"8e3230c7ab83cf43","apiVersion":"35","bluetooth":{"state":"ON"},"brand":"google","carrierName":"T-Mobile","displayDensity":420,"locale":"en_US","manufacturer":"Google","model":"sdk_gphone64_x86_64","networks":[{"capabilities":{"SSID":null,"linkDownBandwidthKbps":30000,"linkUpstreamBandwidthKbps":12000,"networkCapabilities":"NET_CAPABILITY_NOT_METERED,NET_CAPABILITY_INTERNET,NET_CAPABILITY_NOT_RESTRICTED,NET_CAPABILITY_TRUSTED,NET_CAPABILITY_NOT_VPN,NET_CAPABILITY_VALIDATED,NET_CAPABILITY_NOT_ROAMING,NET_CAPABILITY_FOREGROUND,NET_CAPABILITY_NOT_CONGESTED,NET_CAPABILITY_NOT_SUSPENDED","signalStrength":-50,"transportTypes":"TRANSPORT_WIFI"},"detailedState":"CONNECTED","extraInfo":"","isAvailable":true,"isConnected":true,"isFailover":false,"isRoaming":false,"state":"CONNECTED","subtype":-1,"subtypeName":"","type":1,"typeName":"WIFI"},{"capabilities":{"SSID":null,"linkDownBandwidthKbps":4300,"linkUpstreamBandwidthKbps":1800,"networkCapabil...
&amp#27;[38;5;112m[1378d1a9]&amp#27;[0m&amp#27;[38;5;-119m[AndroidUiautomator2Driver@577e]&amp#27;[0m Screen already unlocked, doing nothing
&amp#27;[38;5;112m[1378d1a9]&amp#27;[0m&amp#27;[38;5;-119m[AndroidUiautomator2Driver@577e]&amp#27;[0m Starting 'com.androidsample.generalstore/com.androidsample.generalstore.SplashActivity' and waiting for 'com.androidsample.generalstore/com.androidsample.generalstore.SplashActivity'
&amp#27;[38;5;112m[1378d1a9]&amp#27;[0m&amp#27;[38;5;229m[ADB]&amp#27;[0m Running '/home/ai/Android/Sdk/platform-tools/adb -P 5037 -s emulator-5554 shell am start-activity -W -n com.androidsample.generalstore/com.androidsample.generalstore.SplashActivity -S -a android.intent.action.MAIN -c android.intent.category.LAUNCHER -f 0x10200000'
&amp#27;[38;5;112m[1378d1a9]&amp#27;[0m&amp#27;[38;5;229m[ADB]&amp#27;[0m Expected package names to be focused within 20000ms: 'com.androidsample.generalstore'
&amp#27;[38;5;112m[1378d1a9]&amp#27;[0m&amp#27;[38;5;229m[ADB]&amp#27;[0m Expected activity name patterns to be focused within 20000ms: '/^com\.androidsample\.generalstore\.SplashActivity$/'
&amp#27;[38;5;112m[1378d1a9]&amp#27;[0m&amp#27;[38;5;229m[ADB]&amp#27;[0m Getting focused package and activity
&amp#27;[38;5;112m[1378d1a9]&amp#27;[0m&amp#27;[38;5;229m[ADB]&amp#27;[0m Running '/home/ai/Android/Sdk/platform-tools/adb -P 5037 -s emulator-5554 shell dumpsys window displays'
&amp#27;[38;5;112m[1378d1a9]&amp#27;[0m&amp#27;[38;5;229m[ADB]&amp#27;[0m Focused package: com.androidsample.generalstore
&amp#27;[38;5;112m[1378d1a9]&amp#27;[0m&amp#27;[38;5;229m[ADB]&amp#27;[0m Focused fully qualified activity name: com.androidsample.generalstore.SplashActivity
&amp#27;[38;5;112m[1378d1a9]&amp#27;[0m&amp#27;[38;5;35m[AppiumDriver@fbba]&amp#27;[0m New AndroidUiautomator2Driver session created successfully, session 1378d1a9-5c49-48c6-aab5-31a5cedb0eba added to master session list
&amp#27;[38;5;112m[1378d1a9]&amp#27;[0m&amp#27;[38;5;35m[AppiumDriver@fbba]&amp#27;[0m Event 'newSessionStarted' logged at 1743942208930 (17:53:28 GMT+0530 (India Standard Time))
&amp#27;[38;5;112m[1378d1a9]&amp#27;[0m&amp#27;[38;5;-119m[AndroidUiautomator2Driver@577e]&amp#27;[0m Cached the protocol value 'W3C' for the new session 1378d1a9-5c49-48c6-aab5-31a5cedb0eba
&amp#27;[38;5;112m[1378d1a9]&amp#27;[0m&amp#27;[38;5;-119m[AndroidUiautomator2Driver@577e]&amp#27;[0m Responding to client with driver.createSession() result: {"capabilities":{"platformName":"ANDROID","chromedriverExecutable":"//home//ai//Downloads//chromedriver-linux64//chromedriver-linux64//chromedriver","deviceName":"emulator-5554","automationName":"UIAutomator2","app":"//home//ai//eclipse-workspace//E-commerce_app//EcommerceHybridFramework//src//test//java//Resources//General-Store.apk","platform":"LINUX","webStorageEnabled":false,"takesScreenshot":true,"javascriptEnabled":true,"databaseEnabled":false,"networkConnectionEnabled":true,"locationContextEnabled":false,"warnings":{},"desired":{"platformName":"ANDROID","chromedriverExecutable":"//home//ai//Downloads//chromedriver-linux64//chromedriver-linux64//chromedriver","deviceName":"Pixel7","automationName":"UIAutomator2","app":"//home//ai//eclipse-workspace//E-commerce_app//EcommerceHybridFramework//src//test//java//Resources//General-Store.apk"},"deviceUDID":"emulator-5554","appPackage":"com.androidsample.generalstore","appActivity":"com.androidsample.generalstore.SplashActivity","pixelRatio":"2.625","statBa...
&amp#27;[38;5;112m[1378d1a9]&amp#27;[0m&amp#27;[38;5;86m[HTTP]&amp#27;[0m &amp#27;[37m<-- POST /session &amp#27;[39m&amp#27;[32m200&amp#27;[39m &amp#27;[90m20215 ms - 1325&amp#27;[39m &amp#27;[90m&amp#27;[39m
&amp#27;[38;5;112m[1378d1a9]&amp#27;[0m&amp#27;[38;5;86m[HTTP]&amp#27;[0m &amp#27;[37m-->&amp#27;[39m &amp#27;[37mPOST&amp#27;[39m &amp#27;[37m/session/1378d1a9-5c49-48c6-aab5-31a5cedb0eba/timeouts&amp#27;[39m &amp#27;[90m{"implicit":10000}&amp#27;[39m
&amp#27;[38;5;112m[1378d1a9]&amp#27;[0m&amp#27;[38;5;-119m[AndroidUiautomator2Driver@577e]&amp#27;[0m Calling AppiumDriver.timeouts() with args: [null,null,null,null,10000,"1378d1a9-5c49-48c6-aab5-31a5cedb0eba"]
&amp#27;[38;5;112m[1378d1a9]&amp#27;[0m&amp#27;[38;5;-119m[AndroidUiautomator2Driver@577e]&amp#27;[0m W3C timeout argument: {"implicit":10000}}
&amp#27;[38;5;112m[1378d1a9]&amp#27;[0m&amp#27;[38;5;-119m[AndroidUiautomator2Driver@577e]&amp#27;[0m Set implicit wait to 10000ms
&amp#27;[38;5;112m[1378d1a9]&amp#27;[0m&amp#27;[38;5;-119m[AndroidUiautomator2Driver@577e]&amp#27;[0m Responding to client with driver.timeouts() result: null
&amp#27;[38;5;112m[1378d1a9]&amp#27;[0m&amp#27;[38;5;86m[HTTP]&amp#27;[0m &amp#27;[37m<-- POST /session/1378d1a9-5c49-48c6-aab5-31a5cedb0eba/timeouts &amp#27;[39m&amp#27;[32m200&amp#27;[39m &amp#27;[90m4 ms - 14&amp#27;[39m &amp#27;[90m&amp#27;[39m
&amp#27;[38;5;112m[1378d1a9]&amp#27;[0m&amp#27;[38;5;86m[HTTP]&amp#27;[0m &amp#27;[37m-->&amp#27;[39m &amp#27;[37mPOST&amp#27;[39m &amp#27;[37m/session/1378d1a9-5c49-48c6-aab5-31a5cedb0eba/execute/sync&amp#27;[39m &amp#27;[90m{"args":[{"intent":"com.androidsample.generalstore/com.androidsample.generalstore.MainActivity"}],"script":"mobile: startActivity"}&amp#27;[39m
&amp#27;[38;5;112m[1378d1a9]&amp#27;[0m&amp#27;[38;5;-119m[AndroidUiautomator2Driver@577e]&amp#27;[0m Calling AppiumDriver.execute() with args: ["mobile: startActivity",[{"intent":"com.androidsample.generalstore/com.androidsample.generalstore.MainActivity"}],"1378d1a9-5c49-48c6-aab5-31a5cedb0eba"]
&amp#27;[38;5;112m[1378d1a9]&amp#27;[0m&amp#27;[38;5;229m[ADB]&amp#27;[0m Running '/home/ai/Android/Sdk/platform-tools/adb -P 5037 -s emulator-5554 shell am start-activity com.androidsample.generalstore/com.androidsample.generalstore.MainActivity'
&amp#27;[38;5;112m[1378d1a9]&amp#27;[0m&amp#27;[38;5;-119m[AndroidUiautomator2Driver@577e]&amp#27;[0m Responding to client with driver.execute() result: "Starting: Intent { act=android.intent.action.MAIN cat=[android.intent.category.LAUNCHER] cmp=com.androidsample.generalstore/.MainActivity }"
&amp#27;[38;5;112m[1378d1a9]&amp#27;[0m&amp#27;[38;5;86m[HTTP]&amp#27;[0m &amp#27;[37m<-- POST /session/1378d1a9-5c49-48c6-aab5-31a5cedb0eba/execute/sync &amp#27;[39m&amp#27;[32m200&amp#27;[39m &amp#27;[90m98 ms - 151&amp#27;[39m &amp#27;[90m&amp#27;[39m
&amp#27;[38;5;112m[1378d1a9]&amp#27;[0m&amp#27;[38;5;86m[HTTP]&amp#27;[0m &amp#27;[37m-->&amp#27;[39m &amp#27;[37mGET&amp#27;[39m &amp#27;[37m/session/1378d1a9-5c49-48c6-aab5-31a5cedb0eba/context&amp#27;[39m &amp#27;[90m{}&amp#27;[39m
&amp#27;[38;5;112m[1378d1a9]&amp#27;[0m&amp#27;[38;5;-119m[AndroidUiautomator2Driver@577e]&amp#27;[0m Calling AppiumDriver.getCurrentContext() with args: ["1378d1a9-5c49-48c6-aab5-31a5cedb0eba"]
&amp#27;[38;5;112m[1378d1a9]&amp#27;[0m&amp#27;[38;5;-119m[AndroidUiautomator2Driver@577e]&amp#27;[0m Responding to client with driver.getCurrentContext() result: "NATIVE_APP"
&amp#27;[38;5;112m[1378d1a9]&amp#27;[0m&amp#27;[38;5;86m[HTTP]&amp#27;[0m &amp#27;[37m<-- GET /session/1378d1a9-5c49-48c6-aab5-31a5cedb0eba/context &amp#27;[39m&amp#27;[32m200&amp#27;[39m &amp#27;[90m4 ms - 22&amp#27;[39m &amp#27;[90m&amp#27;[39m
&amp#27;[38;5;112m[1378d1a9]&amp#27;[0m&amp#27;[38;5;86m[HTTP]&amp#27;[0m &amp#27;[37m-->&amp#27;[39m &amp#27;[37mPOST&amp#27;[39m &amp#27;[37m/session/1378d1a9-5c49-48c6-aab5-31a5cedb0eba/element&amp#27;[39m &amp#27;[90m{"value":"com.androidsample.generalstore:id/nameField","using":"id"}&amp#27;[39m
&amp#27;[38;5;112m[1378d1a9]&amp#27;[0m&amp#27;[38;5;-119m[AndroidUiautomator2Driver@577e]&amp#27;[0m Calling AppiumDriver.findElement() with args: ["id","com.androidsample.generalstore:id/nameField","1378d1a9-5c49-48c6-aab5-31a5cedb0eba"]
&amp#27;[38;5;112m[1378d1a9]&amp#27;[0m&amp#27;[38;5;-119m[AndroidUiautomator2Driver@577e]&amp#27;[0m Valid locator strategies for this request: xpath, id, class name, accessibility id, css selector, -android uiautomator
&amp#27;[38;5;112m[1378d1a9]&amp#27;[0m&amp#27;[38;5;-119m[AndroidUiautomator2Driver@577e]&amp#27;[0m Waiting up to 10000 ms for condition
&amp#27;[38;5;112m[1378d1a9]&amp#27;[0m&amp#27;[38;5;-119m[AndroidUiautomator2Driver@577e]&amp#27;[0m Matched '/element' to command name 'findElement'
&amp#27;[38;5;112m[1378d1a9]&amp#27;[0m&amp#27;[38;5;-119m[AndroidUiautomator2Driver@577e]&amp#27;[0m Proxying [POST /element] to [POST http://127.0.0.1:8200/session/6b0f9b49-ed38-4473-ba20-9711b385699f/element] with body: {"strategy":"id","selector":"com.androidsample.generalstore:id/nameField","context":"","multiple":false}
&amp#27;[38;5;112m[1378d1a9]&amp#27;[0m&amp#27;[38;5;-119m[AndroidUiautomator2Driver@577e]&amp#27;[0m Got response with status 404: {"sessionId":"6b0f9b49-ed38-4473-ba20-9711b385699f","value":{"error":"no such element","message":"An element could not be located on the page using the given search parameters","stacktrace":"io.appium.uiautomator2.common.exceptions.ElementNotFoundException: An element could not be located on the page using the given search parameters\n\tat io.appium.uiautomator2.handler.FindElement.safeHandle(FindElement.java:63)\n\tat io.appium.uiautomator2.handler.request.SafeRequestHandler.handle(SafeRequestHandler.java:59)\n\tat io.appium.uiautomator2.server.AppiumServlet.handleRequest(AppiumServlet.java:259)\n\tat io.appium.uiautomator2.server.AppiumServlet.handleHttpRequest(AppiumServlet.java:253)\n\tat io.appium.uiautomator2.http.ServerHandler.channelRead(ServerHandler.java:77)\n\tat io.netty.channel.AbstractChannelHandlerContext.invokeChannelRead(AbstractChannelHandlerContext.java:366)\n\tat io.netty.channel.AbstractChannelHandlerContext.invokeChannelRead(AbstractChannelHandlerContext.java:352)\n\tat io.netty.chann...
&amp#27;[38;5;112m[1378d1a9]&amp#27;[0m&amp#27;[38;5;123m[W3C]&amp#27;[0m Matched W3C error code 'no such element' to NoSuchElementError
&amp#27;[38;5;112m[1378d1a9]&amp#27;[0m&amp#27;[38;5;-119m[AndroidUiautomator2Driver@577e]&amp#27;[0m Waited for 1118 ms so far
&amp#27;[38;5;112m[1378d1a9]&amp#27;[0m&amp#27;[38;5;-119m[AndroidUiautomator2Driver@577e]&amp#27;[0m Matched '/element' to command name 'findElement'
&amp#27;[38;5;112m[1378d1a9]&amp#27;[0m&amp#27;[38;5;-119m[AndroidUiautomator2Driver@577e]&amp#27;[0m Proxying [POST /element] to [POST http://127.0.0.1:8200/session/6b0f9b49-ed38-4473-ba20-9711b385699f/element] with body: {"strategy":"id","selector":"com.androidsample.generalstore:id/nameField","context":"","multiple":false}
&amp#27;[38;5;112m[1378d1a9]&amp#27;[0m&amp#27;[38;5;-119m[AndroidUiautomator2Driver@577e]&amp#27;[0m Got response with status 200: {"sessionId":"6b0f9b49-ed38-4473-ba20-9711b385699f","value":{"ELEMENT":"00000000-0000-000b-ffff-ffff00000039","element-6066-11e4-a52e-4f735466cecf":"00000000-0000-000b-ffff-ffff00000039"}}
&amp#27;[38;5;112m[1378d1a9]&amp#27;[0m&amp#27;[38;5;-119m[AndroidUiautomator2Driver@577e]&amp#27;[0m Responding to client with driver.findElement() result: {"element-6066-11e4-a52e-4f735466cecf":"00000000-0000-000b-ffff-ffff00000039","ELEMENT":"00000000-0000-000b-ffff-ffff00000039"}
&amp#27;[38;5;112m[1378d1a9]&amp#27;[0m&amp#27;[38;5;86m[HTTP]&amp#27;[0m &amp#27;[37m<-- POST /session/1378d1a9-5c49-48c6-aab5-31a5cedb0eba/element &amp#27;[39m&amp#27;[32m200&amp#27;[39m &amp#27;[90m3170 ms - 137&amp#27;[39m &amp#27;[90m&amp#27;[39m
&amp#27;[38;5;112m[1378d1a9]&amp#27;[0m&amp#27;[38;5;86m[HTTP]&amp#27;[0m &amp#27;[37m-->&amp#27;[39m &amp#27;[37mPOST&amp#27;[39m &amp#27;[37m/session/1378d1a9-5c49-48c6-aab5-31a5cedb0eba/element/00000000-0000-000b-ffff-ffff00000039/value&amp#27;[39m &amp#27;[90m{"text":"Ankur Goyal","value":["A","n","k","u","r"," ","G","o","y","a","l"],"id":"00000000-0000-000b-ffff-ffff00000039"}&amp#27;[39m
&amp#27;[38;5;112m[1378d1a9]&amp#27;[0m&amp#27;[38;5;-119m[AndroidUiautomator2Driver@577e]&amp#27;[0m Calling AppiumDriver.setValue() with args: [["A","n","k","u","r"," ","G","o","y","a","l"],"00000000-0000-000b-ffff-ffff00000039","1378d1a9-5c49-48c6-aab5-31a5cedb0eba"]
&amp#27;[38;5;112m[1378d1a9]&amp#27;[0m&amp#27;[38;5;-119m[AndroidUiautomator2Driver@577e]&amp#27;[0m Matched '/element/00000000-0000-000b-ffff-ffff00000039/value' to command name 'setValue'
&amp#27;[38;5;112m[1378d1a9]&amp#27;[0m&amp#27;[38;5;-119m[AndroidUiautomator2Driver@577e]&amp#27;[0m Added 'value' property ["A","n","k","u","r"," ","G","o","y","a","l"] to 'setValue' request body
&amp#27;[38;5;112m[1378d1a9]&amp#27;[0m&amp#27;[38;5;-119m[AndroidUiautomator2Driver@577e]&amp#27;[0m Proxying [POST /element/00000000-0000-000b-ffff-ffff00000039/value] to [POST http://127.0.0.1:8200/session/6b0f9b49-ed38-4473-ba20-9711b385699f/element/00000000-0000-000b-ffff-ffff00000039/value] with body: {"elementId":"00000000-0000-000b-ffff-ffff00000039","text":"Ankur Goyal","replace":false,"value":["A","n","k","u","r"," ","G","o","y","a","l"]}
&amp#27;[38;5;112m[1378d1a9]&amp#27;[0m&amp#27;[38;5;-119m[AndroidUiautomator2Driver@577e]&amp#27;[0m Got response with status 200: {"sessionId":"6b0f9b49-ed38-4473-ba20-9711b385699f","value":null}
&amp#27;[38;5;112m[1378d1a9]&amp#27;[0m&amp#27;[38;5;-119m[AndroidUiautomator2Driver@577e]&amp#27;[0m Responding to client with driver.setValue() result: null
&amp#27;[38;5;112m[1378d1a9]&amp#27;[0m&amp#27;[38;5;86m[HTTP]&amp#27;[0m &amp#27;[37m<-- POST /session/1378d1a9-5c49-48c6-aab5-31a5cedb0eba/element/00000000-0000-000b-ffff-ffff00000039/value &amp#27;[39m&amp#27;[32m200&amp#27;[39m &amp#27;[90m585 ms - 14&amp#27;[39m &amp#27;[90m&amp#27;[39m
&amp#27;[38;5;112m[1378d1a9]&amp#27;[0m&amp#27;[38;5;86m[HTTP]&amp#27;[0m &amp#27;[37m-->&amp#27;[39m &amp#27;[37mPOST&amp#27;[39m &amp#27;[37m/session/1378d1a9-5c49-48c6-aab5-31a5cedb0eba/execute/sync&amp#27;[39m &amp#27;[90m{"args":[],"script":"mobile: hideKeyboard"}&amp#27;[39m
&amp#27;[38;5;112m[1378d1a9]&amp#27;[0m&amp#27;[38;5;-119m[AndroidUiautomator2Driver@577e]&amp#27;[0m Calling AppiumDriver.execute() with args: ["mobile: hideKeyboard",[],"1378d1a9-5c49-48c6-aab5-31a5cedb0eba"]
&amp#27;[38;5;112m[1378d1a9]&amp#27;[0m&amp#27;[38;5;229m[ADB]&amp#27;[0m Running '/home/ai/Android/Sdk/platform-tools/adb -P 5037 -s emulator-5554 shell dumpsys input_method'
&amp#27;[38;5;112m[1378d1a9]&amp#27;[0m&amp#27;[38;5;229m[ADB]&amp#27;[0m Keyboard has no UI; no closing necessary
&amp#27;[38;5;112m[1378d1a9]&amp#27;[0m&amp#27;[38;5;-119m[AndroidUiautomator2Driver@577e]&amp#27;[0m Responding to client with driver.execute() result: false
&amp#27;[38;5;112m[1378d1a9]&amp#27;[0m&amp#27;[38;5;86m[HTTP]&amp#27;[0m &amp#27;[37m<-- POST /session/1378d1a9-5c49-48c6-aab5-31a5cedb0eba/execute/sync &amp#27;[39m&amp#27;[32m200&amp#27;[39m &amp#27;[90m571 ms - 15&amp#27;[39m &amp#27;[90m&amp#27;[39m
&amp#27;[38;5;112m[1378d1a9]&amp#27;[0m&amp#27;[38;5;86m[HTTP]&amp#27;[0m &amp#27;[37m-->&amp#27;[39m &amp#27;[37mGET&amp#27;[39m &amp#27;[37m/session/1378d1a9-5c49-48c6-aab5-31a5cedb0eba/context&amp#27;[39m &amp#27;[90m{}&amp#27;[39m
&amp#27;[38;5;112m[1378d1a9]&amp#27;[0m&amp#27;[38;5;-119m[AndroidUiautomator2Driver@577e]&amp#27;[0m Calling AppiumDriver.getCurrentContext() with args: ["1378d1a9-5c49-48c6-aab5-31a5cedb0eba"]
&amp#27;[38;5;112m[1378d1a9]&amp#27;[0m&amp#27;[38;5;-119m[AndroidUiautomator2Driver@577e]&amp#27;[0m Responding to client with driver.getCurrentContext() result: "NATIVE_APP"
&amp#27;[38;5;112m[1378d1a9]&amp#27;[0m&amp#27;[38;5;86m[HTTP]&amp#27;[0m &amp#27;[37m<-- GET /session/1378d1a9-5c49-48c6-aab5-31a5cedb0eba/context &amp#27;[39m&amp#27;[32m200&amp#27;[39m &amp#27;[90m3 ms - 22&amp#27;[39m &amp#27;[90m&amp#27;[39m
&amp#27;[38;5;112m[1378d1a9]&amp#27;[0m&amp#27;[38;5;86m[HTTP]&amp#27;[0m &amp#27;[37m-->&amp#27;[39m &amp#27;[37mPOST&amp#27;[39m &amp#27;[37m/session/1378d1a9-5c49-48c6-aab5-31a5cedb0eba/element&amp#27;[39m &amp#27;[90m{"value":"//android.widget.RadioButton[@resource-id=\"com.androidsample.generalstore:id/radioMale\"]","using":"xpath"}&amp#27;[39m
&amp#27;[38;5;112m[1378d1a9]&amp#27;[0m&amp#27;[38;5;-119m[AndroidUiautomator2Driver@577e]&amp#27;[0m Calling AppiumDriver.findElement() with args: ["xpath","//android.widget.RadioButton[@resource-id=\"com.androidsample.generalstore:id/radioMale\"]","1378d1a9-5c49-48c6-aab5-31a5cedb0eba"]
&amp#27;[38;5;112m[1378d1a9]&amp#27;[0m&amp#27;[38;5;-119m[AndroidUiautomator2Driver@577e]&amp#27;[0m Valid locator strategies for this request: xpath, id, class name, accessibility id, css selector, -android uiautomator
&amp#27;[38;5;112m[1378d1a9]&amp#27;[0m&amp#27;[38;5;-119m[AndroidUiautomator2Driver@577e]&amp#27;[0m Waiting up to 10000 ms for condition
&amp#27;[38;5;112m[1378d1a9]&amp#27;[0m&amp#27;[38;5;-119m[AndroidUiautomator2Driver@577e]&amp#27;[0m Matched '/element' to command name 'findElement'
&amp#27;[38;5;112m[1378d1a9]&amp#27;[0m&amp#27;[38;5;-119m[AndroidUiautomator2Driver@577e]&amp#27;[0m Proxying [POST /element] to [POST http://127.0.0.1:8200/session/6b0f9b49-ed38-4473-ba20-9711b385699f/element] with body: {"strategy":"xpath","selector":"//android.widget.RadioButton[@resource-id=\"com.androidsample.generalstore:id/radioMale\"]","context":"","multiple":false}
&amp#27;[38;5;112m[1378d1a9]&amp#27;[0m&amp#27;[38;5;-119m[AndroidUiautomator2Driver@577e]&amp#27;[0m Got response with status 200: {"sessionId":"6b0f9b49-ed38-4473-ba20-9711b385699f","value":{"ELEMENT":"00000000-0000-000b-ffff-ffff0000003c","element-6066-11e4-a52e-4f735466cecf":"00000000-0000-000b-ffff-ffff0000003c"}}
&amp#27;[38;5;112m[1378d1a9]&amp#27;[0m&amp#27;[38;5;-119m[AndroidUiautomator2Driver@577e]&amp#27;[0m Responding to client with driver.findElement() result: {"element-6066-11e4-a52e-4f735466cecf":"00000000-0000-000b-ffff-ffff0000003c","ELEMENT":"00000000-0000-000b-ffff-ffff0000003c"}
&amp#27;[38;5;112m[1378d1a9]&amp#27;[0m&amp#27;[38;5;86m[HTTP]&amp#27;[0m &amp#27;[37m<-- POST /session/1378d1a9-5c49-48c6-aab5-31a5cedb0eba/element &amp#27;[39m&amp#27;[32m200&amp#27;[39m &amp#27;[90m661 ms - 137&amp#27;[39m &amp#27;[90m&amp#27;[39m
&amp#27;[38;5;112m[1378d1a9]&amp#27;[0m&amp#27;[38;5;86m[HTTP]&amp#27;[0m &amp#27;[37m-->&amp#27;[39m &amp#27;[37mPOST&amp#27;[39m &amp#27;[37m/session/1378d1a9-5c49-48c6-aab5-31a5cedb0eba/element/00000000-0000-000b-ffff-ffff0000003c/click&amp#27;[39m &amp#27;[90m{"id":"00000000-0000-000b-ffff-ffff0000003c"}&amp#27;[39m
&amp#27;[38;5;112m[1378d1a9]&amp#27;[0m&amp#27;[38;5;-119m[AndroidUiautomator2Driver@577e]&amp#27;[0m Calling AppiumDriver.click() with args: ["00000000-0000-000b-ffff-ffff0000003c","1378d1a9-5c49-48c6-aab5-31a5cedb0eba"]
&amp#27;[38;5;112m[1378d1a9]&amp#27;[0m&amp#27;[38;5;-119m[AndroidUiautomator2Driver@577e]&amp#27;[0m Matched '/element/00000000-0000-000b-ffff-ffff0000003c/click' to command name 'click'
&amp#27;[38;5;112m[1378d1a9]&amp#27;[0m&amp#27;[38;5;-119m[AndroidUiautomator2Driver@577e]&amp#27;[0m Proxying [POST /element/00000000-0000-000b-ffff-ffff0000003c/click] to [POST http://127.0.0.1:8200/session/6b0f9b49-ed38-4473-ba20-9711b385699f/element/00000000-0000-000b-ffff-ffff0000003c/click] with body: {"element":"00000000-0000-000b-ffff-ffff0000003c"}
&amp#27;[38;5;112m[1378d1a9]&amp#27;[0m&amp#27;[38;5;-119m[AndroidUiautomator2Driver@577e]&amp#27;[0m Got response with status 200: {"sessionId":"6b0f9b49-ed38-4473-ba20-9711b385699f","value":null}
&amp#27;[38;5;112m[1378d1a9]&amp#27;[0m&amp#27;[38;5;-119m[AndroidUiautomator2Driver@577e]&amp#27;[0m Responding to client with driver.click() result: null
&amp#27;[38;5;112m[1378d1a9]&amp#27;[0m&amp#27;[38;5;86m[HTTP]&amp#27;[0m &amp#27;[37m<-- POST /session/1378d1a9-5c49-48c6-aab5-31a5cedb0eba/element/00000000-0000-000b-ffff-ffff0000003c/click &amp#27;[39m&amp#27;[32m200&amp#27;[39m &amp#27;[90m70 ms - 14&amp#27;[39m &amp#27;[90m&amp#27;[39m
&amp#27;[38;5;112m[1378d1a9]&amp#27;[0m&amp#27;[38;5;86m[HTTP]&amp#27;[0m &amp#27;[37m-->&amp#27;[39m &amp#27;[37mGET&amp#27;[39m &amp#27;[37m/session/1378d1a9-5c49-48c6-aab5-31a5cedb0eba/context&amp#27;[39m &amp#27;[90m{}&amp#27;[39m
&amp#27;[38;5;112m[1378d1a9]&amp#27;[0m&amp#27;[38;5;-119m[AndroidUiautomator2Driver@577e]&amp#27;[0m Calling AppiumDriver.getCurrentContext() with args: ["1378d1a9-5c49-48c6-aab5-31a5cedb0eba"]
&amp#27;[38;5;112m[1378d1a9]&amp#27;[0m&amp#27;[38;5;-119m[AndroidUiautomator2Driver@577e]&amp#27;[0m Responding to client with driver.getCurrentContext() result: "NATIVE_APP"
&amp#27;[38;5;112m[1378d1a9]&amp#27;[0m&amp#27;[38;5;86m[HTTP]&amp#27;[0m &amp#27;[37m<-- GET /session/1378d1a9-5c49-48c6-aab5-31a5cedb0eba/context &amp#27;[39m&amp#27;[32m200&amp#27;[39m &amp#27;[90m1 ms - 22&amp#27;[39m &amp#27;[90m&amp#27;[39m
&amp#27;[38;5;112m[1378d1a9]&amp#27;[0m&amp#27;[38;5;86m[HTTP]&amp#27;[0m &amp#27;[37m-->&amp#27;[39m &amp#27;[37mPOST&amp#27;[39m &amp#27;[37m/session/1378d1a9-5c49-48c6-aab5-31a5cedb0eba/element&amp#27;[39m &amp#27;[90m{"value":"com.androidsample.generalstore:id/spinnerCountry","using":"id"}&amp#27;[39m
&amp#27;[38;5;112m[1378d1a9]&amp#27;[0m&amp#27;[38;5;-119m[AndroidUiautomator2Driver@577e]&amp#27;[0m Calling AppiumDriver.findElement() with args: ["id","com.androidsample.generalstore:id/spinnerCountry","1378d1a9-5c49-48c6-aab5-31a5cedb0eba"]
&amp#27;[38;5;112m[1378d1a9]&amp#27;[0m&amp#27;[38;5;-119m[AndroidUiautomator2Driver@577e]&amp#27;[0m Valid locator strategies for this request: xpath, id, class name, accessibility id, css selector, -android uiautomator
&amp#27;[38;5;112m[1378d1a9]&amp#27;[0m&amp#27;[38;5;-119m[AndroidUiautomator2Driver@577e]&amp#27;[0m Waiting up to 10000 ms for condition
&amp#27;[38;5;112m[1378d1a9]&amp#27;[0m&amp#27;[38;5;-119m[AndroidUiautomator2Driver@577e]&amp#27;[0m Matched '/element' to command name 'findElement'
&amp#27;[38;5;112m[1378d1a9]&amp#27;[0m&amp#27;[38;5;-119m[AndroidUiautomator2Driver@577e]&amp#27;[0m Proxying [POST /element] to [POST http://127.0.0.1:8200/session/6b0f9b49-ed38-4473-ba20-9711b385699f/element] with body: {"strategy":"id","selector":"com.androidsample.generalstore:id/spinnerCountry","context":"","multiple":false}
&amp#27;[38;5;112m[1378d1a9]&amp#27;[0m&amp#27;[38;5;-119m[AndroidUiautomator2Driver@577e]&amp#27;[0m Got response with status 200: {"sessionId":"6b0f9b49-ed38-4473-ba20-9711b385699f","value":{"ELEMENT":"00000000-0000-000b-ffff-ffff00000037","element-6066-11e4-a52e-4f735466cecf":"00000000-0000-000b-ffff-ffff00000037"}}
&amp#27;[38;5;112m[1378d1a9]&amp#27;[0m&amp#27;[38;5;-119m[AndroidUiautomator2Driver@577e]&amp#27;[0m Responding to client with driver.findElement() result: {"element-6066-11e4-a52e-4f735466cecf":"00000000-0000-000b-ffff-ffff00000037","ELEMENT":"00000000-0000-000b-ffff-ffff00000037"}
&amp#27;[38;5;112m[1378d1a9]&amp#27;[0m&amp#27;[38;5;86m[HTTP]&amp#27;[0m &amp#27;[37m<-- POST /session/1378d1a9-5c49-48c6-aab5-31a5cedb0eba/element &amp#27;[39m&amp#27;[32m200&amp#27;[39m &amp#27;[90m324 ms - 137&amp#27;[39m &amp#27;[90m&amp#27;[39m
&amp#27;[38;5;112m[1378d1a9]&amp#27;[0m&amp#27;[38;5;86m[HTTP]&amp#27;[0m &amp#27;[37m-->&amp#27;[39m &amp#27;[37mPOST&amp#27;[39m &amp#27;[37m/session/1378d1a9-5c49-48c6-aab5-31a5cedb0eba/element/00000000-0000-000b-ffff-ffff00000037/click&amp#27;[39m &amp#27;[90m{"id":"00000000-0000-000b-ffff-ffff00000037"}&amp#27;[39m
&amp#27;[38;5;112m[1378d1a9]&amp#27;[0m&amp#27;[38;5;-119m[AndroidUiautomator2Driver@577e]&amp#27;[0m Calling AppiumDriver.click() with args: ["00000000-0000-000b-ffff-ffff00000037","1378d1a9-5c49-48c6-aab5-31a5cedb0eba"]
&amp#27;[38;5;112m[1378d1a9]&amp#27;[0m&amp#27;[38;5;-119m[AndroidUiautomator2Driver@577e]&amp#27;[0m Matched '/element/00000000-0000-000b-ffff-ffff00000037/click' to command name 'click'
&amp#27;[38;5;112m[1378d1a9]&amp#27;[0m&amp#27;[38;5;-119m[AndroidUiautomator2Driver@577e]&amp#27;[0m Proxying [POST /element/00000000-0000-000b-ffff-ffff00000037/click] to [POST http://127.0.0.1:8200/session/6b0f9b49-ed38-4473-ba20-9711b385699f/element/00000000-0000-000b-ffff-ffff00000037/click] with body: {"element":"00000000-0000-000b-ffff-ffff00000037"}
&amp#27;[38;5;112m[1378d1a9]&amp#27;[0m&amp#27;[38;5;-119m[AndroidUiautomator2Driver@577e]&amp#27;[0m Got response with status 200: {"sessionId":"6b0f9b49-ed38-4473-ba20-9711b385699f","value":null}
&amp#27;[38;5;112m[1378d1a9]&amp#27;[0m&amp#27;[38;5;-119m[AndroidUiautomator2Driver@577e]&amp#27;[0m Responding to client with driver.click() result: null
&amp#27;[38;5;112m[1378d1a9]&amp#27;[0m&amp#27;[38;5;86m[HTTP]&amp#27;[0m &amp#27;[37m<-- POST /session/1378d1a9-5c49-48c6-aab5-31a5cedb0eba/element/00000000-0000-000b-ffff-ffff00000037/click &amp#27;[39m&amp#27;[32m200&amp#27;[39m &amp#27;[90m421 ms - 14&amp#27;[39m &amp#27;[90m&amp#27;[39m
&amp#27;[38;5;112m[1378d1a9]&amp#27;[0m&amp#27;[38;5;86m[HTTP]&amp#27;[0m &amp#27;[37m-->&amp#27;[39m &amp#27;[37mPOST&amp#27;[39m &amp#27;[37m/session/1378d1a9-5c49-48c6-aab5-31a5cedb0eba/element&amp#27;[39m &amp#27;[90m{"value":"new UiScrollable(new UiSelector()).scrollIntoView(text(\"Argentina\"));","using":"-android uiautomator"}&amp#27;[39m
&amp#27;[38;5;112m[1378d1a9]&amp#27;[0m&amp#27;[38;5;-119m[AndroidUiautomator2Driver@577e]&amp#27;[0m Calling AppiumDriver.findElement() with args: ["-android uiautomator","new UiScrollable(new UiSelector()).scrollIntoView(text(\"Argentina\"));","1378d1a9-5c49-48c6-aab5-31a5cedb0eba"]
&amp#27;[38;5;112m[1378d1a9]&amp#27;[0m&amp#27;[38;5;-119m[AndroidUiautomator2Driver@577e]&amp#27;[0m Valid locator strategies for this request: xpath, id, class name, accessibility id, css selector, -android uiautomator
&amp#27;[38;5;112m[1378d1a9]&amp#27;[0m&amp#27;[38;5;-119m[AndroidUiautomator2Driver@577e]&amp#27;[0m Waiting up to 10000 ms for condition
&amp#27;[38;5;112m[1378d1a9]&amp#27;[0m&amp#27;[38;5;-119m[AndroidUiautomator2Driver@577e]&amp#27;[0m Matched '/element' to command name 'findElement'
&amp#27;[38;5;112m[1378d1a9]&amp#27;[0m&amp#27;[38;5;-119m[AndroidUiautomator2Driver@577e]&amp#27;[0m Proxying [POST /element] to [POST http://127.0.0.1:8200/session/6b0f9b49-ed38-4473-ba20-9711b385699f/element] with body: {"strategy":"-android uiautomator","selector":"new UiScrollable(new UiSelector()).scrollIntoView(text(\"Argentina\"));","context":"","multiple":false}
&amp#27;[38;5;112m[1378d1a9]&amp#27;[0m&amp#27;[38;5;-119m[AndroidUiautomator2Driver@577e]&amp#27;[0m Got response with status 200: {"sessionId":"6b0f9b49-ed38-4473-ba20-9711b385699f","value":{"ELEMENT":"00000000-0000-000c-ffff-ffff0000004f","element-6066-11e4-a52e-4f735466cecf":"00000000-0000-000c-ffff-ffff0000004f"}}
&amp#27;[38;5;112m[1378d1a9]&amp#27;[0m&amp#27;[38;5;-119m[AndroidUiautomator2Driver@577e]&amp#27;[0m Responding to client with driver.findElement() result: {"element-6066-11e4-a52e-4f735466cecf":"00000000-0000-000c-ffff-ffff0000004f","ELEMENT":"00000000-0000-000c-ffff-ffff0000004f"}
&amp#27;[38;5;112m[1378d1a9]&amp#27;[0m&amp#27;[38;5;86m[HTTP]&amp#27;[0m &amp#27;[37m<-- POST /session/1378d1a9-5c49-48c6-aab5-31a5cedb0eba/element &amp#27;[39m&amp#27;[32m200&amp#27;[39m &amp#27;[90m1743 ms - 137&amp#27;[39m &amp#27;[90m&amp#27;[39m
&amp#27;[38;5;112m[1378d1a9]&amp#27;[0m&amp#27;[38;5;86m[HTTP]&amp#27;[0m &amp#27;[37m-->&amp#27;[39m &amp#27;[37mPOST&amp#27;[39m &amp#27;[37m/session/1378d1a9-5c49-48c6-aab5-31a5cedb0eba/element&amp#27;[39m &amp#27;[90m{"value":"//android.widget.TextView[@text='Argentina']","using":"xpath"}&amp#27;[39m
&amp#27;[38;5;112m[1378d1a9]&amp#27;[0m&amp#27;[38;5;-119m[AndroidUiautomator2Driver@577e]&amp#27;[0m Calling AppiumDriver.findElement() with args: ["xpath","//android.widget.TextView[@text='Argentina']","1378d1a9-5c49-48c6-aab5-31a5cedb0eba"]
&amp#27;[38;5;112m[1378d1a9]&amp#27;[0m&amp#27;[38;5;-119m[AndroidUiautomator2Driver@577e]&amp#27;[0m Valid locator strategies for this request: xpath, id, class name, accessibility id, css selector, -android uiautomator
&amp#27;[38;5;112m[1378d1a9]&amp#27;[0m&amp#27;[38;5;-119m[AndroidUiautomator2Driver@577e]&amp#27;[0m Waiting up to 10000 ms for condition
&amp#27;[38;5;112m[1378d1a9]&amp#27;[0m&amp#27;[38;5;-119m[AndroidUiautomator2Driver@577e]&amp#27;[0m Matched '/element' to command name 'findElement'
&amp#27;[38;5;112m[1378d1a9]&amp#27;[0m&amp#27;[38;5;-119m[AndroidUiautomator2Driver@577e]&amp#27;[0m Proxying [POST /element] to [POST http://127.0.0.1:8200/session/6b0f9b49-ed38-4473-ba20-9711b385699f/element] with body: {"strategy":"xpath","selector":"//android.widget.TextView[@text='Argentina']","context":"","multiple":false}
&amp#27;[38;5;112m[1378d1a9]&amp#27;[0m&amp#27;[38;5;-119m[AndroidUiautomator2Driver@577e]&amp#27;[0m Got response with status 200: {"sessionId":"6b0f9b49-ed38-4473-ba20-9711b385699f","value":{"ELEMENT":"00000000-0000-000c-ffff-ffff0000004f","element-6066-11e4-a52e-4f735466cecf":"00000000-0000-000c-ffff-ffff0000004f"}}
&amp#27;[38;5;112m[1378d1a9]&amp#27;[0m&amp#27;[38;5;-119m[AndroidUiautomator2Driver@577e]&amp#27;[0m Responding to client with driver.findElement() result: {"element-6066-11e4-a52e-4f735466cecf":"00000000-0000-000c-ffff-ffff0000004f","ELEMENT":"00000000-0000-000c-ffff-ffff0000004f"}
&amp#27;[38;5;112m[1378d1a9]&amp#27;[0m&amp#27;[38;5;86m[HTTP]&amp#27;[0m &amp#27;[37m<-- POST /session/1378d1a9-5c49-48c6-aab5-31a5cedb0eba/element &amp#27;[39m&amp#27;[32m200&amp#27;[39m &amp#27;[90m95 ms - 137&amp#27;[39m &amp#27;[90m&amp#27;[39m
&amp#27;[38;5;112m[1378d1a9]&amp#27;[0m&amp#27;[38;5;86m[HTTP]&amp#27;[0m &amp#27;[37m-->&amp#27;[39m &amp#27;[37mPOST&amp#27;[39m &amp#27;[37m/session/1378d1a9-5c49-48c6-aab5-31a5cedb0eba/element/00000000-0000-000c-ffff-ffff0000004f/click&amp#27;[39m &amp#27;[90m{"id":"00000000-0000-000c-ffff-ffff0000004f"}&amp#27;[39m
&amp#27;[38;5;112m[1378d1a9]&amp#27;[0m&amp#27;[38;5;-119m[AndroidUiautomator2Driver@577e]&amp#27;[0m Calling AppiumDriver.click() with args: ["00000000-0000-000c-ffff-ffff0000004f","1378d1a9-5c49-48c6-aab5-31a5cedb0eba"]
&amp#27;[38;5;112m[1378d1a9]&amp#27;[0m&amp#27;[38;5;-119m[AndroidUiautomator2Driver@577e]&amp#27;[0m Matched '/element/00000000-0000-000c-ffff-ffff0000004f/click' to command name 'click'
&amp#27;[38;5;112m[1378d1a9]&amp#27;[0m&amp#27;[38;5;-119m[AndroidUiautomator2Driver@577e]&amp#27;[0m Proxying [POST /element/00000000-0000-000c-ffff-ffff0000004f/click] to [POST http://127.0.0.1:8200/session/6b0f9b49-ed38-4473-ba20-9711b385699f/element/00000000-0000-000c-ffff-ffff0000004f/click] with body: {"element":"00000000-0000-000c-ffff-ffff0000004f"}
&amp#27;[38;5;112m[1378d1a9]&amp#27;[0m&amp#27;[38;5;-119m[AndroidUiautomator2Driver@577e]&amp#27;[0m Got response with status 200: {"sessionId":"6b0f9b49-ed38-4473-ba20-9711b385699f","value":null}
&amp#27;[38;5;112m[1378d1a9]&amp#27;[0m&amp#27;[38;5;-119m[AndroidUiautomator2Driver@577e]&amp#27;[0m Responding to client with driver.click() result: null
&amp#27;[38;5;112m[1378d1a9]&amp#27;[0m&amp#27;[38;5;86m[HTTP]&amp#27;[0m &amp#27;[37m<-- POST /session/1378d1a9-5c49-48c6-aab5-31a5cedb0eba/element/00000000-0000-000c-ffff-ffff0000004f/click &amp#27;[39m&amp#27;[32m200&amp#27;[39m &amp#27;[90m1526 ms - 14&amp#27;[39m &amp#27;[90m&amp#27;[39m
&amp#27;[38;5;112m[1378d1a9]&amp#27;[0m&amp#27;[38;5;86m[HTTP]&amp#27;[0m &amp#27;[37m-->&amp#27;[39m &amp#27;[37mGET&amp#27;[39m &amp#27;[37m/session/1378d1a9-5c49-48c6-aab5-31a5cedb0eba/context&amp#27;[39m &amp#27;[90m{}&amp#27;[39m
&amp#27;[38;5;112m[1378d1a9]&amp#27;[0m&amp#27;[38;5;-119m[AndroidUiautomator2Driver@577e]&amp#27;[0m Calling AppiumDriver.getCurrentContext() with args: ["1378d1a9-5c49-48c6-aab5-31a5cedb0eba"]
&amp#27;[38;5;112m[1378d1a9]&amp#27;[0m&amp#27;[38;5;-119m[AndroidUiautomator2Driver@577e]&amp#27;[0m Responding to client with driver.getCurrentContext() result: "NATIVE_APP"
&amp#27;[38;5;112m[1378d1a9]&amp#27;[0m&amp#27;[38;5;86m[HTTP]&amp#27;[0m &amp#27;[37m<-- GET /session/1378d1a9-5c49-48c6-aab5-31a5cedb0eba/context &amp#27;[39m&amp#27;[32m200&amp#27;[39m &amp#27;[90m8 ms - 22&amp#27;[39m &amp#27;[90m&amp#27;[39m
&amp#27;[38;5;112m[1378d1a9]&amp#27;[0m&amp#27;[38;5;86m[HTTP]&amp#27;[0m &amp#27;[37m-->&amp#27;[39m &amp#27;[37mPOST&amp#27;[39m &amp#27;[37m/session/1378d1a9-5c49-48c6-aab5-31a5cedb0eba/element&amp#27;[39m &amp#27;[90m{"value":"com.androidsample.generalstore:id/btnLetsShop","using":"id"}&amp#27;[39m
&amp#27;[38;5;112m[1378d1a9]&amp#27;[0m&amp#27;[38;5;-119m[AndroidUiautomator2Driver@577e]&amp#27;[0m Calling AppiumDriver.findElement() with args: ["id","com.androidsample.generalstore:id/btnLetsShop","1378d1a9-5c49-48c6-aab5-31a5cedb0eba"]
&amp#27;[38;5;112m[1378d1a9]&amp#27;[0m&amp#27;[38;5;-119m[AndroidUiautomator2Driver@577e]&amp#27;[0m Valid locator strategies for this request: xpath, id, class name, accessibility id, css selector, -android uiautomator
&amp#27;[38;5;112m[1378d1a9]&amp#27;[0m&amp#27;[38;5;-119m[AndroidUiautomator2Driver@577e]&amp#27;[0m Waiting up to 10000 ms for condition
&amp#27;[38;5;112m[1378d1a9]&amp#27;[0m&amp#27;[38;5;-119m[AndroidUiautomator2Driver@577e]&amp#27;[0m Matched '/element' to command name 'findElement'
&amp#27;[38;5;112m[1378d1a9]&amp#27;[0m&amp#27;[38;5;-119m[AndroidUiautomator2Driver@577e]&amp#27;[0m Proxying [POST /element] to [POST http://127.0.0.1:8200/session/6b0f9b49-ed38-4473-ba20-9711b385699f/element] with body: {"strategy":"id","selector":"com.androidsample.generalstore:id/btnLetsShop","context":"","multiple":false}
&amp#27;[38;5;112m[1378d1a9]&amp#27;[0m&amp#27;[38;5;-119m[AndroidUiautomator2Driver@577e]&amp#27;[0m Got response with status 200: {"sessionId":"6b0f9b49-ed38-4473-ba20-9711b385699f","value":{"ELEMENT":"00000000-0000-000b-ffff-ffff0000003e","element-6066-11e4-a52e-4f735466cecf":"00000000-0000-000b-ffff-ffff0000003e"}}
&amp#27;[38;5;112m[1378d1a9]&amp#27;[0m&amp#27;[38;5;-119m[AndroidUiautomator2Driver@577e]&amp#27;[0m Responding to client with driver.findElement() result: {"element-6066-11e4-a52e-4f735466cecf":"00000000-0000-000b-ffff-ffff0000003e","ELEMENT":"00000000-0000-000b-ffff-ffff0000003e"}
&amp#27;[38;5;112m[1378d1a9]&amp#27;[0m&amp#27;[38;5;86m[HTTP]&amp#27;[0m &amp#27;[37m<-- POST /session/1378d1a9-5c49-48c6-aab5-31a5cedb0eba/element &amp#27;[39m&amp#27;[32m200&amp#27;[39m &amp#27;[90m45 ms - 137&amp#27;[39m &amp#27;[90m&amp#27;[39m
&amp#27;[38;5;112m[1378d1a9]&amp#27;[0m&amp#27;[38;5;86m[HTTP]&amp#27;[0m &amp#27;[37m-->&amp#27;[39m &amp#27;[37mPOST&amp#27;[39m &amp#27;[37m/session/1378d1a9-5c49-48c6-aab5-31a5cedb0eba/element/00000000-0000-000b-ffff-ffff0000003e/click&amp#27;[39m &amp#27;[90m{"id":"00000000-0000-000b-ffff-ffff0000003e"}&amp#27;[39m
&amp#27;[38;5;112m[1378d1a9]&amp#27;[0m&amp#27;[38;5;-119m[AndroidUiautomator2Driver@577e]&amp#27;[0m Calling AppiumDriver.click() with args: ["00000000-0000-000b-ffff-ffff0000003e","1378d1a9-5c49-48c6-aab5-31a5cedb0eba"]
&amp#27;[38;5;112m[1378d1a9]&amp#27;[0m&amp#27;[38;5;-119m[AndroidUiautomator2Driver@577e]&amp#27;[0m Matched '/element/00000000-0000-000b-ffff-ffff0000003e/click' to command name 'click'
&amp#27;[38;5;112m[1378d1a9]&amp#27;[0m&amp#27;[38;5;-119m[AndroidUiautomator2Driver@577e]&amp#27;[0m Proxying [POST /element/00000000-0000-000b-ffff-ffff0000003e/click] to [POST http://127.0.0.1:8200/session/6b0f9b49-ed38-4473-ba20-9711b385699f/element/00000000-0000-000b-ffff-ffff0000003e/click] with body: {"element":"00000000-0000-000b-ffff-ffff0000003e"}
&amp#27;[38;5;112m[1378d1a9]&amp#27;[0m&amp#27;[38;5;-119m[AndroidUiautomator2Driver@577e]&amp#27;[0m Got response with status 200: {"sessionId":"6b0f9b49-ed38-4473-ba20-9711b385699f","value":null}
&amp#27;[38;5;112m[1378d1a9]&amp#27;[0m&amp#27;[38;5;-119m[AndroidUiautomator2Driver@577e]&amp#27;[0m Responding to client with driver.click() result: null
&amp#27;[38;5;112m[1378d1a9]&amp#27;[0m&amp#27;[38;5;86m[HTTP]&amp#27;[0m &amp#27;[37m<-- POST /session/1378d1a9-5c49-48c6-aab5-31a5cedb0eba/element/00000000-0000-000b-ffff-ffff0000003e/click &amp#27;[39m&amp#27;[32m200&amp#27;[39m &amp#27;[90m127 ms - 14&amp#27;[39m &amp#27;[90m&amp#27;[39m
&amp#27;[38;5;112m[1378d1a9]&amp#27;[0m&amp#27;[38;5;86m[HTTP]&amp#27;[0m &amp#27;[37m-->&amp#27;[39m &amp#27;[37mGET&amp#27;[39m &amp#27;[37m/session/1378d1a9-5c49-48c6-aab5-31a5cedb0eba/context&amp#27;[39m &amp#27;[90m{}&amp#27;[39m
&amp#27;[38;5;112m[1378d1a9]&amp#27;[0m&amp#27;[38;5;-119m[AndroidUiautomator2Driver@577e]&amp#27;[0m Calling AppiumDriver.getCurrentContext() with args: ["1378d1a9-5c49-48c6-aab5-31a5cedb0eba"]
&amp#27;[38;5;112m[1378d1a9]&amp#27;[0m&amp#27;[38;5;-119m[AndroidUiautomator2Driver@577e]&amp#27;[0m Responding to client with driver.getCurrentContext() result: "NATIVE_APP"
&amp#27;[38;5;112m[1378d1a9]&amp#27;[0m&amp#27;[38;5;86m[HTTP]&amp#27;[0m &amp#27;[37m<-- GET /session/1378d1a9-5c49-48c6-aab5-31a5cedb0eba/context &amp#27;[39m&amp#27;[32m200&amp#27;[39m &amp#27;[90m2 ms - 22&amp#27;[39m &amp#27;[90m&amp#27;[39m
&amp#27;[38;5;112m[1378d1a9]&amp#27;[0m&amp#27;[38;5;86m[HTTP]&amp#27;[0m &amp#27;[37m-->&amp#27;[39m &amp#27;[37mPOST&amp#27;[39m &amp#27;[37m/session/1378d1a9-5c49-48c6-aab5-31a5cedb0eba/elements&amp#27;[39m &amp#27;[90m{"value":"//android.widget.TextView[@text='ADD TO CART']","using":"xpath"}&amp#27;[39m
&amp#27;[38;5;112m[1378d1a9]&amp#27;[0m&amp#27;[38;5;-119m[AndroidUiautomator2Driver@577e]&amp#27;[0m Calling AppiumDriver.findElements() with args: ["xpath","//android.widget.TextView[@text='ADD TO CART']","1378d1a9-5c49-48c6-aab5-31a5cedb0eba"]
&amp#27;[38;5;112m[1378d1a9]&amp#27;[0m&amp#27;[38;5;-119m[AndroidUiautomator2Driver@577e]&amp#27;[0m Valid locator strategies for this request: xpath, id, class name, accessibility id, css selector, -android uiautomator
&amp#27;[38;5;112m[1378d1a9]&amp#27;[0m&amp#27;[38;5;-119m[AndroidUiautomator2Driver@577e]&amp#27;[0m Waiting up to 10000 ms for condition
&amp#27;[38;5;112m[1378d1a9]&amp#27;[0m&amp#27;[38;5;-119m[AndroidUiautomator2Driver@577e]&amp#27;[0m Matched '/elements' to command name 'findElements'
&amp#27;[38;5;112m[1378d1a9]&amp#27;[0m&amp#27;[38;5;-119m[AndroidUiautomator2Driver@577e]&amp#27;[0m Proxying [POST /elements] to [POST http://127.0.0.1:8200/session/6b0f9b49-ed38-4473-ba20-9711b385699f/elements] with body: {"strategy":"xpath","selector":"//android.widget.TextView[@text='ADD TO CART']","context":"","multiple":true}
&amp#27;[38;5;112m[1378d1a9]&amp#27;[0m&amp#27;[38;5;-119m[AndroidUiautomator2Driver@577e]&amp#27;[0m Got response with status 200: {"sessionId":"6b0f9b49-ed38-4473-ba20-9711b385699f","value":[]}
&amp#27;[38;5;112m[1378d1a9]&amp#27;[0m&amp#27;[38;5;-119m[AndroidUiautomator2Driver@577e]&amp#27;[0m Waited for 1837 ms so far
&amp#27;[38;5;112m[1378d1a9]&amp#27;[0m&amp#27;[38;5;-119m[AndroidUiautomator2Driver@577e]&amp#27;[0m Matched '/elements' to command name 'findElements'
&amp#27;[38;5;112m[1378d1a9]&amp#27;[0m&amp#27;[38;5;-119m[AndroidUiautomator2Driver@577e]&amp#27;[0m Proxying [POST /elements] to [POST http://127.0.0.1:8200/session/6b0f9b49-ed38-4473-ba20-9711b385699f/elements] with body: {"strategy":"xpath","selector":"//android.widget.TextView[@text='ADD TO CART']","context":"","multiple":true}
&amp#27;[38;5;112m[1378d1a9]&amp#27;[0m&amp#27;[38;5;-119m[AndroidUiautomator2Driver@577e]&amp#27;[0m Got response with status 200: {"sessionId":"6b0f9b49-ed38-4473-ba20-9711b385699f","value":[{"ELEMENT":"00000000-0000-000d-ffff-ffff0000006e","element-6066-11e4-a52e-4f735466cecf":"00000000-0000-000d-ffff-ffff0000006e"},{"ELEMENT":"00000000-0000-000d-ffff-ffff00000076","element-6066-11e4-a52e-4f735466cecf":"00000000-0000-000d-ffff-ffff00000076"}]}
&amp#27;[38;5;112m[1378d1a9]&amp#27;[0m&amp#27;[38;5;-119m[AndroidUiautomator2Driver@577e]&amp#27;[0m Responding to client with driver.findElements() result: [{"element-6066-11e4-a52e-4f735466cecf":"00000000-0000-000d-ffff-ffff0000006e","ELEMENT":"00000000-0000-000d-ffff-ffff0000006e"},{"element-6066-11e4-a52e-4f735466cecf":"00000000-0000-000d-ffff-ffff00000076","ELEMENT":"00000000-0000-000d-ffff-ffff00000076"}]
&amp#27;[38;5;112m[1378d1a9]&amp#27;[0m&amp#27;[38;5;86m[HTTP]&amp#27;[0m &amp#27;[37m<-- POST /session/1378d1a9-5c49-48c6-aab5-31a5cedb0eba/elements &amp#27;[39m&amp#27;[32m200&amp#27;[39m &amp#27;[90m4354 ms - 267&amp#27;[39m &amp#27;[90m&amp#27;[39m
&amp#27;[38;5;112m[1378d1a9]&amp#27;[0m&amp#27;[38;5;86m[HTTP]&amp#27;[0m &amp#27;[37m-->&amp#27;[39m &amp#27;[37mPOST&amp#27;[39m &amp#27;[37m/session/1378d1a9-5c49-48c6-aab5-31a5cedb0eba/element/00000000-0000-000d-ffff-ffff0000006e/click&amp#27;[39m &amp#27;[90m{"id":"00000000-0000-000d-ffff-ffff0000006e"}&amp#27;[39m
&amp#27;[38;5;112m[1378d1a9]&amp#27;[0m&amp#27;[38;5;-119m[AndroidUiautomator2Driver@577e]&amp#27;[0m Calling AppiumDriver.click() with args: ["00000000-0000-000d-ffff-ffff0000006e","1378d1a9-5c49-48c6-aab5-31a5cedb0eba"]
&amp#27;[38;5;112m[1378d1a9]&amp#27;[0m&amp#27;[38;5;-119m[AndroidUiautomator2Driver@577e]&amp#27;[0m Matched '/element/00000000-0000-000d-ffff-ffff0000006e/click' to command name 'click'
&amp#27;[38;5;112m[1378d1a9]&amp#27;[0m&amp#27;[38;5;-119m[AndroidUiautomator2Driver@577e]&amp#27;[0m Proxying [POST /element/00000000-0000-000d-ffff-ffff0000006e/click] to [POST http://127.0.0.1:8200/session/6b0f9b49-ed38-4473-ba20-9711b385699f/element/00000000-0000-000d-ffff-ffff0000006e/click] with body: {"element":"00000000-0000-000d-ffff-ffff0000006e"}
&amp#27;[38;5;112m[1378d1a9]&amp#27;[0m&amp#27;[38;5;-119m[AndroidUiautomator2Driver@577e]&amp#27;[0m Got response with status 200: {"sessionId":"6b0f9b49-ed38-4473-ba20-9711b385699f","value":null}
&amp#27;[38;5;112m[1378d1a9]&amp#27;[0m&amp#27;[38;5;-119m[AndroidUiautomator2Driver@577e]&amp#27;[0m Responding to client with driver.click() result: null
&amp#27;[38;5;112m[1378d1a9]&amp#27;[0m&amp#27;[38;5;86m[HTTP]&amp#27;[0m &amp#27;[37m<-- POST /session/1378d1a9-5c49-48c6-aab5-31a5cedb0eba/element/00000000-0000-000d-ffff-ffff0000006e/click &amp#27;[39m&amp#27;[32m200&amp#27;[39m &amp#27;[90m936 ms - 14&amp#27;[39m &amp#27;[90m&amp#27;[39m
&amp#27;[38;5;112m[1378d1a9]&amp#27;[0m&amp#27;[38;5;86m[HTTP]&amp#27;[0m &amp#27;[37m-->&amp#27;[39m &amp#27;[37mGET&amp#27;[39m &amp#27;[37m/session/1378d1a9-5c49-48c6-aab5-31a5cedb0eba/context&amp#27;[39m &amp#27;[90m{}&amp#27;[39m
&amp#27;[38;5;112m[1378d1a9]&amp#27;[0m&amp#27;[38;5;-119m[AndroidUiautomator2Driver@577e]&amp#27;[0m Calling AppiumDriver.getCurrentContext() with args: ["1378d1a9-5c49-48c6-aab5-31a5cedb0eba"]
&amp#27;[38;5;112m[1378d1a9]&amp#27;[0m&amp#27;[38;5;-119m[AndroidUiautomator2Driver@577e]&amp#27;[0m Responding to client with driver.getCurrentContext() result: "NATIVE_APP"
&amp#27;[38;5;112m[1378d1a9]&amp#27;[0m&amp#27;[38;5;86m[HTTP]&amp#27;[0m &amp#27;[37m<-- GET /session/1378d1a9-5c49-48c6-aab5-31a5cedb0eba/context &amp#27;[39m&amp#27;[32m200&amp#27;[39m &amp#27;[90m1 ms - 22&amp#27;[39m &amp#27;[90m&amp#27;[39m
&amp#27;[38;5;112m[1378d1a9]&amp#27;[0m&amp#27;[38;5;86m[HTTP]&amp#27;[0m &amp#27;[37m-->&amp#27;[39m &amp#27;[37mPOST&amp#27;[39m &amp#27;[37m/session/1378d1a9-5c49-48c6-aab5-31a5cedb0eba/elements&amp#27;[39m &amp#27;[90m{"value":"//android.widget.TextView[@text='ADD TO CART']","using":"xpath"}&amp#27;[39m
&amp#27;[38;5;112m[1378d1a9]&amp#27;[0m&amp#27;[38;5;-119m[AndroidUiautomator2Driver@577e]&amp#27;[0m Calling AppiumDriver.findElements() with args: ["xpath","//android.widget.TextView[@text='ADD TO CART']","1378d1a9-5c49-48c6-aab5-31a5cedb0eba"]
&amp#27;[38;5;112m[1378d1a9]&amp#27;[0m&amp#27;[38;5;-119m[AndroidUiautomator2Driver@577e]&amp#27;[0m Valid locator strategies for this request: xpath, id, class name, accessibility id, css selector, -android uiautomator
&amp#27;[38;5;112m[1378d1a9]&amp#27;[0m&amp#27;[38;5;-119m[AndroidUiautomator2Driver@577e]&amp#27;[0m Waiting up to 10000 ms for condition
&amp#27;[38;5;112m[1378d1a9]&amp#27;[0m&amp#27;[38;5;-119m[AndroidUiautomator2Driver@577e]&amp#27;[0m Matched '/elements' to command name 'findElements'
&amp#27;[38;5;112m[1378d1a9]&amp#27;[0m&amp#27;[38;5;-119m[AndroidUiautomator2Driver@577e]&amp#27;[0m Proxying [POST /elements] to [POST http://127.0.0.1:8200/session/6b0f9b49-ed38-4473-ba20-9711b385699f/elements] with body: {"strategy":"xpath","selector":"//android.widget.TextView[@text='ADD TO CART']","context":"","multiple":true}
&amp#27;[38;5;112m[1378d1a9]&amp#27;[0m&amp#27;[38;5;-119m[AndroidUiautomator2Driver@577e]&amp#27;[0m Got response with status 200: {"sessionId":"6b0f9b49-ed38-4473-ba20-9711b385699f","value":[{"ELEMENT":"00000000-0000-000d-ffff-ffff00000076","element-6066-11e4-a52e-4f735466cecf":"00000000-0000-000d-ffff-ffff00000076"}]}
&amp#27;[38;5;112m[1378d1a9]&amp#27;[0m&amp#27;[38;5;-119m[AndroidUiautomator2Driver@577e]&amp#27;[0m Responding to client with driver.findElements() result: [{"element-6066-11e4-a52e-4f735466cecf":"00000000-0000-000d-ffff-ffff00000076","ELEMENT":"00000000-0000-000d-ffff-ffff00000076"}]
&amp#27;[38;5;112m[1378d1a9]&amp#27;[0m&amp#27;[38;5;86m[HTTP]&amp#27;[0m &amp#27;[37m<-- POST /session/1378d1a9-5c49-48c6-aab5-31a5cedb0eba/elements &amp#27;[39m&amp#27;[32m200&amp#27;[39m &amp#27;[90m139 ms - 139&amp#27;[39m &amp#27;[90m&amp#27;[39m
&amp#27;[38;5;112m[1378d1a9]&amp#27;[0m&amp#27;[38;5;86m[HTTP]&amp#27;[0m &amp#27;[37m-->&amp#27;[39m &amp#27;[37mPOST&amp#27;[39m &amp#27;[37m/session/1378d1a9-5c49-48c6-aab5-31a5cedb0eba/element/00000000-0000-000d-ffff-ffff00000076/click&amp#27;[39m &amp#27;[90m{"id":"00000000-0000-000d-ffff-ffff00000076"}&amp#27;[39m
&amp#27;[38;5;112m[1378d1a9]&amp#27;[0m&amp#27;[38;5;-119m[AndroidUiautomator2Driver@577e]&amp#27;[0m Calling AppiumDriver.click() with args: ["00000000-0000-000d-ffff-ffff00000076","1378d1a9-5c49-48c6-aab5-31a5cedb0eba"]
&amp#27;[38;5;112m[1378d1a9]&amp#27;[0m&amp#27;[38;5;-119m[AndroidUiautomator2Driver@577e]&amp#27;[0m Matched '/element/00000000-0000-000d-ffff-ffff00000076/click' to command name 'click'
&amp#27;[38;5;112m[1378d1a9]&amp#27;[0m&amp#27;[38;5;-119m[AndroidUiautomator2Driver@577e]&amp#27;[0m Proxying [POST /element/00000000-0000-000d-ffff-ffff00000076/click] to [POST http://127.0.0.1:8200/session/6b0f9b49-ed38-4473-ba20-9711b385699f/element/00000000-0000-000d-ffff-ffff00000076/click] with body: {"element":"00000000-0000-000d-ffff-ffff00000076"}
&amp#27;[38;5;112m[1378d1a9]&amp#27;[0m&amp#27;[38;5;-119m[AndroidUiautomator2Driver@577e]&amp#27;[0m Got response with status 200: {"sessionId":"6b0f9b49-ed38-4473-ba20-9711b385699f","value":null}
&amp#27;[38;5;112m[1378d1a9]&amp#27;[0m&amp#27;[38;5;-119m[AndroidUiautomator2Driver@577e]&amp#27;[0m Responding to client with driver.click() result: null
&amp#27;[38;5;112m[1378d1a9]&amp#27;[0m&amp#27;[38;5;86m[HTTP]&amp#27;[0m &amp#27;[37m<-- POST /session/1378d1a9-5c49-48c6-aab5-31a5cedb0eba/element/00000000-0000-000d-ffff-ffff00000076/click &amp#27;[39m&amp#27;[32m200&amp#27;[39m &amp#27;[90m595 ms - 14&amp#27;[39m &amp#27;[90m&amp#27;[39m
&amp#27;[38;5;112m[1378d1a9]&amp#27;[0m&amp#27;[38;5;86m[HTTP]&amp#27;[0m &amp#27;[37m-->&amp#27;[39m &amp#27;[37mGET&amp#27;[39m &amp#27;[37m/session/1378d1a9-5c49-48c6-aab5-31a5cedb0eba/context&amp#27;[39m &amp#27;[90m{}&amp#27;[39m
&amp#27;[38;5;112m[1378d1a9]&amp#27;[0m&amp#27;[38;5;-119m[AndroidUiautomator2Driver@577e]&amp#27;[0m Calling AppiumDriver.getCurrentContext() with args: ["1378d1a9-5c49-48c6-aab5-31a5cedb0eba"]
&amp#27;[38;5;112m[1378d1a9]&amp#27;[0m&amp#27;[38;5;-119m[AndroidUiautomator2Driver@577e]&amp#27;[0m Responding to client with driver.getCurrentContext() result: "NATIVE_APP"
[...]
&amp#27;[38;5;112m[1378d1a9]&amp#27;[0m&amp#27;[38;5;-119m[AndroidUiautomator2Driver@577e]&amp#27;[0m Got response with status 200: {"sessionId":"6b0f9b49-ed38-4473-ba20-9711b385699f","value":"$ 280.97"}
&amp#27;[38;5;112m[1378d1a9]&amp#27;[0m&amp#27;[38;5;-119m[AndroidUiautomator2Driver@577e]&amp#27;[0m Replacing sessionId 6b0f9b49-ed38-4473-ba20-9711b385699f with 1378d1a9-5c49-48c6-aab5-31a5cedb0eba
&amp#27;[38;5;112m[1378d1a9]&amp#27;[0m&amp#27;[38;5;86m[HTTP]&amp#27;[0m &amp#27;[37m<-- GET /session/1378d1a9-5c49-48c6-aab5-31a5cedb0eba/element/00000000-0000-0014-ffff-ffff00000145/text &amp#27;[39m&amp#27;[32m200&amp#27;[39m &amp#27;[90m15 ms - 71&amp#27;[39m &amp#27;[90m&amp#27;[39m
&amp#27;[38;5;112m[1378d1a9]&amp#27;[0m&amp#27;[38;5;86m[HTTP]&amp#27;[0m &amp#27;[37m-->&amp#27;[39m &amp#27;[37mGET&amp#27;[39m &amp#27;[37m/session/1378d1a9-5c49-48c6-aab5-31a5cedb0eba/context&amp#27;[39m &amp#27;[90m{}&amp#27;[39m
&amp#27;[38;5;112m[1378d1a9]&amp#27;[0m&amp#27;[38;5;-119m[AndroidUiautomator2Driver@577e]&amp#27;[0m Calling AppiumDriver.getCurrentContext() with args: ["1378d1a9-5c49-48c6-aab5-31a5cedb0eba"]
&amp#27;[38;5;112m[1378d1a9]&amp#27;[0m&amp#27;[38;5;-119m[AndroidUiautomator2Driver@577e]&amp#27;[0m Responding to client with driver.getCurrentContext() result: "NATIVE_APP"
&amp#27;[38;5;112m[1378d1a9]&amp#27;[0m&amp#27;[38;5;86m[HTTP]&amp#27;[0m &amp#27;[37m<-- GET /session/1378d1a9-5c49-48c6-aab5-31a5cedb0eba/context &amp#27;[39m&amp#27;[32m200&amp#27;[39m &amp#27;[90m1 ms - 22&amp#27;[39m &amp#27;[90m&amp#27;[39m
&amp#27;[38;5;112m[1378d1a9]&amp#27;[0m&amp#27;[38;5;86m[HTTP]&amp#27;[0m &amp#27;[37m-->&amp#27;[39m &amp#27;[37mPOST&amp#27;[39m &amp#27;[37m/session/1378d1a9-5c49-48c6-aab5-31a5cedb0eba/element&amp#27;[39m &amp#27;[90m{"value":"com.androidsample.generalstore:id/termsButton","using":"id"}&amp#27;[39m
&amp#27;[38;5;112m[1378d1a9]&amp#27;[0m&amp#27;[38;5;-119m[AndroidUiautomator2Driver@577e]&amp#27;[0m Calling AppiumDriver.findElement() with args: ["id","com.androidsample.generalstore:id/termsButton","1378d1a9-5c49-48c6-aab5-31a5cedb0eba"]
&amp#27;[38;5;112m[1378d1a9]&amp#27;[0m&amp#27;[38;5;-119m[AndroidUiautomator2Driver@577e]&amp#27;[0m Valid locator strategies for this request: xpath, id, class name, accessibility id, css selector, -android uiautomator
&amp#27;[38;5;112m[1378d1a9]&amp#27;[0m&amp#27;[38;5;-119m[AndroidUiautomator2Driver@577e]&amp#27;[0m Waiting up to 10000 ms for condition
&amp#27;[38;5;112m[1378d1a9]&amp#27;[0m&amp#27;[38;5;-119m[AndroidUiautomator2Driver@577e]&amp#27;[0m Matched '/element' to command name 'findElement'
&amp#27;[38;5;112m[1378d1a9]&amp#27;[0m&amp#27;[38;5;-119m[AndroidUiautomator2Driver@577e]&amp#27;[0m Proxying [POST /element] to [POST http://127.0.0.1:8200/session/6b0f9b49-ed38-4473-ba20-9711b385699f/element] with body: {"strategy":"id","selector":"com.androidsample.generalstore:id/termsButton","context":"","multiple":false}
&amp#27;[38;5;112m[1378d1a9]&amp#27;[0m&amp#27;[38;5;-119m[AndroidUiautomator2Driver@577e]&amp#27;[0m Got response with status 200: {"sessionId":"6b0f9b49-ed38-4473-ba20-9711b385699f","value":{"ELEMENT":"00000000-0000-0014-ffff-ffff00000148","element-6066-11e4-a52e-4f735466cecf":"00000000-0000-0014-ffff-ffff00000148"}}
&amp#27;[38;5;112m[1378d1a9]&amp#27;[0m&amp#27;[38;5;-119m[AndroidUiautomator2Driver@577e]&amp#27;[0m Responding to client with driver.findElement() result: {"element-6066-11e4-a52e-4f735466cecf":"00000000-0000-0014-ffff-ffff00000148","ELEMENT":"00000000-0000-0014-ffff-ffff00000148"}
&amp#27;[38;5;112m[1378d1a9]&amp#27;[0m&amp#27;[38;5;86m[HTTP]&amp#27;[0m &amp#27;[37m<-- POST /session/1378d1a9-5c49-48c6-aab5-31a5cedb0eba/element &amp#27;[39m&amp#27;[32m200&amp#27;[39m &amp#27;[90m35 ms - 137&amp#27;[39m &amp#27;[90m&amp#27;[39m
&amp#27;[38;5;112m[1378d1a9]&amp#27;[0m&amp#27;[38;5;86m[HTTP]&amp#27;[0m &amp#27;[37m-->&amp#27;[39m &amp#27;[37mPOST&amp#27;[39m &amp#27;[37m/session/1378d1a9-5c49-48c6-aab5-31a5cedb0eba/execute/sync&amp#27;[39m &amp#27;[90m{"args":[{"elementId":"00000000-0000-0014-ffff-ffff00000148"}],"script":"mobile: longClickGesture"}&amp#27;[39m
&amp#27;[38;5;112m[1378d1a9]&amp#27;[0m&amp#27;[38;5;-119m[AndroidUiautomator2Driver@577e]&amp#27;[0m Calling AppiumDriver.execute() with args: ["mobile: longClickGesture",[{"elementId":"00000000-0000-0014-ffff-ffff00000148"}],"1378d1a9-5c49-48c6-aab5-31a5cedb0eba"]
&amp#27;[38;5;112m[1378d1a9]&amp#27;[0m&amp#27;[38;5;-119m[AndroidUiautomator2Driver@577e]&amp#27;[0m Proxying [POST /appium/gestures/long_click] to [POST http://127.0.0.1:8200/session/6b0f9b49-ed38-4473-ba20-9711b385699f/appium/gestures/long_click] with body: {"origin":{"ELEMENT":"00000000-0000-0014-ffff-ffff00000148","element-6066-11e4-a52e-4f735466cecf":"00000000-0000-0014-ffff-ffff00000148"}}
&amp#27;[38;5;112m[1378d1a9]&amp#27;[0m&amp#27;[38;5;-119m[AndroidUiautomator2Driver@577e]&amp#27;[0m Got response with status 200: {"sessionId":"6b0f9b49-ed38-4473-ba20-9711b385699f","value":null}
&amp#27;[38;5;112m[1378d1a9]&amp#27;[0m&amp#27;[38;5;-119m[AndroidUiautomator2Driver@577e]&amp#27;[0m Responding to client with driver.execute() result: null
&amp#27;[38;5;112m[1378d1a9]&amp#27;[0m&amp#27;[38;5;86m[HTTP]&amp#27;[0m &amp#27;[37m<-- POST /session/1378d1a9-5c49-48c6-aab5-31a5cedb0eba/execute/sync &amp#27;[39m&amp#27;[32m200&amp#27;[39m &amp#27;[90m605 ms - 14&amp#27;[39m &amp#27;[90m&amp#27;[39m
&amp#27;[38;5;112m[1378d1a9]&amp#27;[0m&amp#27;[38;5;86m[HTTP]&amp#27;[0m &amp#27;[37m-->&amp#27;[39m &amp#27;[37mGET&amp#27;[39m &amp#27;[37m/session/1378d1a9-5c49-48c6-aab5-31a5cedb0eba/context&amp#27;[39m &amp#27;[90m{}&amp#27;[39m
&amp#27;[38;5;112m[1378d1a9]&amp#27;[0m&amp#27;[38;5;-119m[AndroidUiautomator2Driver@577e]&amp#27;[0m Calling AppiumDriver.getCurrentContext() with args: ["1378d1a9-5c49-48c6-aab5-31a5cedb0eba"]
&amp#27;[38;5;112m[1378d1a9]&amp#27;[0m&amp#27;[38;5;-119m[AndroidUiautomator2Driver@577e]&amp#27;[0m Responding to client with driver.getCurrentContext() result: "NATIVE_APP"
&amp#27;[38;5;112m[1378d1a9]&amp#27;[0m&amp#27;[38;5;86m[HTTP]&amp#27;[0m &amp#27;[37m<-- GET /session/1378d1a9-5c49-48c6-aab5-31a5cedb0eba/context &amp#27;[39m&amp#27;[32m200&amp#27;[39m &amp#27;[90m1 ms - 22&amp#27;[39m &amp#27;[90m&amp#27;[39m
&amp#27;[38;5;112m[1378d1a9]&amp#27;[0m&amp#27;[38;5;86m[HTTP]&amp#27;[0m &amp#27;[37m-->&amp#27;[39m &amp#27;[37mPOST&amp#27;[39m &amp#27;[37m/session/1378d1a9-5c49-48c6-aab5-31a5cedb0eba/element&amp#27;[39m &amp#27;[90m{"value":"//android.widget.Button[@resource-id=\"android:id/button1\"]","using":"xpath"}&amp#27;[39m
&amp#27;[38;5;112m[1378d1a9]&amp#27;[0m&amp#27;[38;5;-119m[AndroidUiautomator2Driver@577e]&amp#27;[0m Calling AppiumDriver.findElement() with args: ["xpath","//android.widget.Button[@resource-id=\"android:id/button1\"]","1378d1a9-5c49-48c6-aab5-31a5cedb0eba"]
&amp#27;[38;5;112m[1378d1a9]&amp#27;[0m&amp#27;[38;5;-119m[AndroidUiautomator2Driver@577e]&amp#27;[0m Valid locator strategies for this request: xpath, id, class name, accessibility id, css selector, -android uiautomator
&amp#27;[38;5;112m[1378d1a9]&amp#27;[0m&amp#27;[38;5;-119m[AndroidUiautomator2Driver@577e]&amp#27;[0m Waiting up to 10000 ms for condition
&amp#27;[38;5;112m[1378d1a9]&amp#27;[0m&amp#27;[38;5;-119m[AndroidUiautomator2Driver@577e]&amp#27;[0m Matched '/element' to command name 'findElement'
&amp#27;[38;5;112m[1378d1a9]&amp#27;[0m&amp#27;[38;5;-119m[AndroidUiautomator2Driver@577e]&amp#27;[0m Proxying [POST /element] to [POST http://127.0.0.1:8200/session/6b0f9b49-ed38-4473-ba20-9711b385699f/element] with body: {"strategy":"xpath","selector":"//android.widget.Button[@resource-id=\"android:id/button1\"]","context":"","multiple":false}
&amp#27;[38;5;112m[1378d1a9]&amp#27;[0m&amp#27;[38;5;-119m[AndroidUiautomator2Driver@577e]&amp#27;[0m Got response with status 200: {"sessionId":"6b0f9b49-ed38-4473-ba20-9711b385699f","value":{"ELEMENT":"00000000-0000-0015-ffff-ffff00000174","element-6066-11e4-a52e-4f735466cecf":"00000000-0000-0015-ffff-ffff00000174"}}
&amp#27;[38;5;112m[1378d1a9]&amp#27;[0m&amp#27;[38;5;-119m[AndroidUiautomator2Driver@577e]&amp#27;[0m Responding to client with driver.findElement() result: {"element-6066-11e4-a52e-4f735466cecf":"00000000-0000-0015-ffff-ffff00000174","ELEMENT":"00000000-0000-0015-ffff-ffff00000174"}
&amp#27;[38;5;112m[1378d1a9]&amp#27;[0m&amp#27;[38;5;86m[HTTP]&amp#27;[0m &amp#27;[37m<-- POST /session/1378d1a9-5c49-48c6-aab5-31a5cedb0eba/element &amp#27;[39m&amp#27;[32m200&amp#27;[39m &amp#27;[90m749 ms - 137&amp#27;[39m &amp#27;[90m&amp#27;[39m
&amp#27;[38;5;112m[1378d1a9]&amp#27;[0m&amp#27;[38;5;86m[HTTP]&amp#27;[0m &amp#27;[37m-->&amp#27;[39m &amp#27;[37mPOST&amp#27;[39m &amp#27;[37m/session/1378d1a9-5c49-48c6-aab5-31a5cedb0eba/element/00000000-0000-0015-ffff-ffff00000174/click&amp#27;[39m &amp#27;[90m{"id":"00000000-0000-0015-ffff-ffff00000174"}&amp#27;[39m
&amp#27;[38;5;112m[1378d1a9]&amp#27;[0m&amp#27;[38;5;-119m[AndroidUiautomator2Driver@577e]&amp#27;[0m Calling AppiumDriver.click() with args: ["00000000-0000-0015-ffff-ffff00000174","1378d1a9-5c49-48c6-aab5-31a5cedb0eba"]
&amp#27;[38;5;112m[1378d1a9]&amp#27;[0m&amp#27;[38;5;-119m[AndroidUiautomator2Driver@577e]&amp#27;[0m Matched '/element/00000000-0000-0015-ffff-ffff00000174/click' to command name 'click'
&amp#27;[38;5;112m[1378d1a9]&amp#27;[0m&amp#27;[38;5;-119m[AndroidUiautomator2Driver@577e]&amp#27;[0m Proxying [POST /element/00000000-0000-0015-ffff-ffff00000174/click] to [POST http://127.0.0.1:8200/session/6b0f9b49-ed38-4473-ba20-9711b385699f/element/00000000-0000-0015-ffff-ffff00000174/click] with body: {"element":"00000000-0000-0015-ffff-ffff00000174"}
&amp#27;[38;5;112m[1378d1a9]&amp#27;[0m&amp#27;[38;5;-119m[AndroidUiautomator2Driver@577e]&amp#27;[0m Got response with status 200: {"sessionId":"6b0f9b49-ed38-4473-ba20-9711b385699f","value":null}
&amp#27;[38;5;112m[1378d1a9]&amp#27;[0m&amp#27;[38;5;-119m[AndroidUiautomator2Driver@577e]&amp#27;[0m Responding to client with driver.click() result: null
&amp#27;[38;5;112m[1378d1a9]&amp#27;[0m&amp#27;[38;5;86m[HTTP]&amp#27;[0m &amp#27;[37m<-- POST /session/1378d1a9-5c49-48c6-aab5-31a5cedb0eba/element/00000000-0000-0015-ffff-ffff00000174/click &amp#27;[39m&amp#27;[32m200&amp#27;[39m &amp#27;[90m121 ms - 14&amp#27;[39m &amp#27;[90m&amp#27;[39m
&amp#27;[38;5;112m[1378d1a9]&amp#27;[0m&amp#27;[38;5;86m[HTTP]&amp#27;[0m &amp#27;[37m-->&amp#27;[39m &amp#27;[37mGET&amp#27;[39m &amp#27;[37m/session/1378d1a9-5c49-48c6-aab5-31a5cedb0eba/context&amp#27;[39m &amp#27;[90m{}&amp#27;[39m
&amp#27;[38;5;112m[1378d1a9]&amp#27;[0m&amp#27;[38;5;-119m[AndroidUiautomator2Driver@577e]&amp#27;[0m Calling AppiumDriver.getCurrentContext() with args: ["1378d1a9-5c49-48c6-aab5-31a5cedb0eba"]
&amp#27;[38;5;112m[1378d1a9]&amp#27;[0m&amp#27;[38;5;-119m[AndroidUiautomator2Driver@577e]&amp#27;[0m Responding to client with driver.getCurrentContext() result: "NATIVE_APP"
&amp#27;[38;5;112m[1378d1a9]&amp#27;[0m&amp#27;[38;5;86m[HTTP]&amp#27;[0m &amp#27;[37m<-- GET /session/1378d1a9-5c49-48c6-aab5-31a5cedb0eba/context &amp#27;[39m&amp#27;[32m200&amp#27;[39m &amp#27;[90m1 ms - 22&amp#27;[39m &amp#27;[90m&amp#27;[39m
&amp#27;[38;5;112m[1378d1a9]&amp#27;[0m&amp#27;[38;5;86m[HTTP]&amp#27;[0m &amp#27;[37m-->&amp#27;[39m &amp#27;[37mPOST&amp#27;[39m &amp#27;[37m/session/1378d1a9-5c49-48c6-aab5-31a5cedb0eba/element&amp#27;[39m &amp#27;[90m{"value":"android.widget.CheckBox","using":"class name"}&amp#27;[39m
&amp#27;[38;5;112m[1378d1a9]&amp#27;[0m&amp#27;[38;5;-119m[AndroidUiautomator2Driver@577e]&amp#27;[0m Calling AppiumDriver.findElement() with args: ["class name","android.widget.CheckBox","1378d1a9-5c49-48c6-aab5-31a5cedb0eba"]
&amp#27;[38;5;112m[1378d1a9]&amp#27;[0m&amp#27;[38;5;-119m[AndroidUiautomator2Driver@577e]&amp#27;[0m Valid locator strategies for this request: xpath, id, class name, accessibility id, css selector, -android uiautomator
&amp#27;[38;5;112m[1378d1a9]&amp#27;[0m&amp#27;[38;5;-119m[AndroidUiautomator2Driver@577e]&amp#27;[0m Waiting up to 10000 ms for condition
&amp#27;[38;5;112m[1378d1a9]&amp#27;[0m&amp#27;[38;5;-119m[AndroidUiautomator2Driver@577e]&amp#27;[0m Matched '/element' to command name 'findElement'
&amp#27;[38;5;112m[1378d1a9]&amp#27;[0m&amp#27;[38;5;-119m[AndroidUiautomator2Driver@577e]&amp#27;[0m Proxying [POST /element] to [POST http://127.0.0.1:8200/session/6b0f9b49-ed38-4473-ba20-9711b385699f/element] with body: {"strategy":"class name","selector":"android.widget.CheckBox","context":"","multiple":false}
&amp#27;[38;5;112m[1378d1a9]&amp#27;[0m&amp#27;[38;5;-119m[AndroidUiautomator2Driver@577e]&amp#27;[0m Got response with status 200: {"sessionId":"6b0f9b49-ed38-4473-ba20-9711b385699f","value":{"ELEMENT":"00000000-0000-0014-ffff-ffff00000146","element-6066-11e4-a52e-4f735466cecf":"00000000-0000-0014-ffff-ffff00000146"}}
&amp#27;[38;5;112m[1378d1a9]&amp#27;[0m&amp#27;[38;5;-119m[AndroidUiautomator2Driver@577e]&amp#27;[0m Responding to client with driver.findElement() result: {"element-6066-11e4-a52e-4f735466cecf":"00000000-0000-0014-ffff-ffff00000146","ELEMENT":"00000000-0000-0014-ffff-ffff00000146"}
&amp#27;[38;5;112m[1378d1a9]&amp#27;[0m&amp#27;[38;5;86m[HTTP]&amp#27;[0m &amp#27;[37m<-- POST /session/1378d1a9-5c49-48c6-aab5-31a5cedb0eba/element &amp#27;[39m&amp#27;[32m200&amp#27;[39m &amp#27;[90m311 ms - 137&amp#27;[39m &amp#27;[90m&amp#27;[39m
&amp#27;[38;5;112m[1378d1a9]&amp#27;[0m&amp#27;[38;5;86m[HTTP]&amp#27;[0m &amp#27;[37m-->&amp#27;[39m &amp#27;[37mPOST&amp#27;[39m &amp#27;[37m/session/1378d1a9-5c49-48c6-aab5-31a5cedb0eba/element/00000000-0000-0014-ffff-ffff00000146/click&amp#27;[39m &amp#27;[90m{"id":"00000000-0000-0014-ffff-ffff00000146"}&amp#27;[39m
&amp#27;[38;5;112m[1378d1a9]&amp#27;[0m&amp#27;[38;5;-119m[AndroidUiautomator2Driver@577e]&amp#27;[0m Calling AppiumDriver.click() with args: ["00000000-0000-0014-ffff-ffff00000146","1378d1a9-5c49-48c6-aab5-31a5cedb0eba"]
&amp#27;[38;5;112m[1378d1a9]&amp#27;[0m&amp#27;[38;5;-119m[AndroidUiautomator2Driver@577e]&amp#27;[0m Matched '/element/00000000-0000-0014-ffff-ffff00000146/click' to command name 'click'
&amp#27;[38;5;112m[1378d1a9]&amp#27;[0m&amp#27;[38;5;-119m[AndroidUiautomator2Driver@577e]&amp#27;[0m Proxying [POST /element/00000000-0000-0014-ffff-ffff00000146/click] to [POST http://127.0.0.1:8200/session/6b0f9b49-ed38-4473-ba20-9711b385699f/element/00000000-0000-0014-ffff-ffff00000146/click] with body: {"element":"00000000-0000-0014-ffff-ffff00000146"}
&amp#27;[38;5;112m[1378d1a9]&amp#27;[0m&amp#27;[38;5;-119m[AndroidUiautomator2Driver@577e]&amp#27;[0m Got response with status 200: {"sessionId":"6b0f9b49-ed38-4473-ba20-9711b385699f","value":null}
&amp#27;[38;5;112m[1378d1a9]&amp#27;[0m&amp#27;[38;5;-119m[AndroidUiautomator2Driver@577e]&amp#27;[0m Responding to client with driver.click() result: null
&amp#27;[38;5;112m[1378d1a9]&amp#27;[0m&amp#27;[38;5;86m[HTTP]&amp#27;[0m &amp#27;[37m<-- POST /session/1378d1a9-5c49-48c6-aab5-31a5cedb0eba/element/00000000-0000-0014-ffff-ffff00000146/click &amp#27;[39m&amp#27;[32m200&amp#27;[39m &amp#27;[90m407 ms - 14&amp#27;[39m &amp#27;[90m&amp#27;[39m
&amp#27;[38;5;112m[1378d1a9]&amp#27;[0m&amp#27;[38;5;86m[HTTP]&amp#27;[0m &amp#27;[37m-->&amp#27;[39m &amp#27;[37mGET&amp#27;[39m &amp#27;[37m/session/1378d1a9-5c49-48c6-aab5-31a5cedb0eba/context&amp#27;[39m &amp#27;[90m{}&amp#27;[39m
&amp#27;[38;5;112m[1378d1a9]&amp#27;[0m&amp#27;[38;5;-119m[AndroidUiautomator2Driver@577e]&amp#27;[0m Calling AppiumDriver.getCurrentContext() with args: ["1378d1a9-5c49-48c6-aab5-31a5cedb0eba"]
&amp#27;[38;5;112m[1378d1a9]&amp#27;[0m&amp#27;[38;5;-119m[AndroidUiautomator2Driver@577e]&amp#27;[0m Responding to client with driver.getCurrentContext() result: "NATIVE_APP"
&amp#27;[38;5;112m[1378d1a9]&amp#27;[0m&amp#27;[38;5;86m[HTTP]&amp#27;[0m &amp#27;[37m<-- GET /session/1378d1a9-5c49-48c6-aab5-31a5cedb0eba/context &amp#27;[39m&amp#27;[32m200&amp#27;[39m &amp#27;[90m2 ms - 22&amp#27;[39m &amp#27;[90m&amp#27;[39m
&amp#27;[38;5;112m[1378d1a9]&amp#27;[0m&amp#27;[38;5;86m[HTTP]&amp#27;[0m &amp#27;[37m-->&amp#27;[39m &amp#27;[37mPOST&amp#27;[39m &amp#27;[37m/session/1378d1a9-5c49-48c6-aab5-31a5cedb0eba/element&amp#27;[39m &amp#27;[90m{"value":"com.androidsample.generalstore:id/btnProceed","using":"id"}&amp#27;[39m
&amp#27;[38;5;112m[1378d1a9]&amp#27;[0m&amp#27;[38;5;-119m[AndroidUiautomator2Driver@577e]&amp#27;[0m Calling AppiumDriver.findElement() with args: ["id","com.androidsample.generalstore:id/btnProceed","1378d1a9-5c49-48c6-aab5-31a5cedb0eba"]
&amp#27;[38;5;112m[1378d1a9]&amp#27;[0m&amp#27;[38;5;-119m[AndroidUiautomator2Driver@577e]&amp#27;[0m Valid locator strategies for this request: xpath, id, class name, accessibility id, css selector, -android uiautomator
&amp#27;[38;5;112m[1378d1a9]&amp#27;[0m&amp#27;[38;5;-119m[AndroidUiautomator2Driver@577e]&amp#27;[0m Waiting up to 10000 ms for condition
&amp#27;[38;5;112m[1378d1a9]&amp#27;[0m&amp#27;[38;5;-119m[AndroidUiautomator2Driver@577e]&amp#27;[0m Matched '/element' to command name 'findElement'
&amp#27;[38;5;112m[1378d1a9]&amp#27;[0m&amp#27;[38;5;-119m[AndroidUiautomator2Driver@577e]&amp#27;[0m Proxying [POST /element] to [POST http://127.0.0.1:8200/session/6b0f9b49-ed38-4473-ba20-9711b385699f/element] with body: {"strategy":"id","selector":"com.androidsample.generalstore:id/btnProceed","context":"","multiple":false}
&amp#27;[38;5;112m[1378d1a9]&amp#27;[0m&amp#27;[38;5;-119m[AndroidUiautomator2Driver@577e]&amp#27;[0m Got response with status 200: {"sessionId":"6b0f9b49-ed38-4473-ba20-9711b385699f","value":{"ELEMENT":"00000000-0000-0014-ffff-ffff00000147","element-6066-11e4-a52e-4f735466cecf":"00000000-0000-0014-ffff-ffff00000147"}}
&amp#27;[38;5;112m[1378d1a9]&amp#27;[0m&amp#27;[38;5;-119m[AndroidUiautomator2Driver@577e]&amp#27;[0m Responding to client with driver.findElement() result: {"element-6066-11e4-a52e-4f735466cecf":"00000000-0000-0014-ffff-ffff00000147","ELEMENT":"00000000-0000-0014-ffff-ffff00000147"}
&amp#27;[38;5;112m[1378d1a9]&amp#27;[0m&amp#27;[38;5;86m[HTTP]&amp#27;[0m &amp#27;[37m<-- POST /session/1378d1a9-5c49-48c6-aab5-31a5cedb0eba/element &amp#27;[39m&amp#27;[32m200&amp#27;[39m &amp#27;[90m657 ms - 137&amp#27;[39m &amp#27;[90m&amp#27;[39m
&amp#27;[38;5;112m[1378d1a9]&amp#27;[0m&amp#27;[38;5;86m[HTTP]&amp#27;[0m &amp#27;[37m-->&amp#27;[39m &amp#27;[37mPOST&amp#27;[39m &amp#27;[37m/session/1378d1a9-5c49-48c6-aab5-31a5cedb0eba/element/00000000-0000-0014-ffff-ffff00000147/click&amp#27;[39m &amp#27;[90m{"id":"00000000-0000-0014-ffff-ffff00000147"}&amp#27;[39m
&amp#27;[38;5;112m[1378d1a9]&amp#27;[0m&amp#27;[38;5;-119m[AndroidUiautomator2Driver@577e]&amp#27;[0m Calling AppiumDriver.click() with args: ["00000000-0000-0014-ffff-ffff00000147","1378d1a9-5c49-48c6-aab5-31a5cedb0eba"]
&amp#27;[38;5;112m[1378d1a9]&amp#27;[0m&amp#27;[38;5;-119m[AndroidUiautomator2Driver@577e]&amp#27;[0m Matched '/element/00000000-0000-0014-ffff-ffff00000147/click' to command name 'click'
&amp#27;[38;5;112m[1378d1a9]&amp#27;[0m&amp#27;[38;5;-119m[AndroidUiautomator2Driver@577e]&amp#27;[0m Proxying [POST /element/00000000-0000-0014-ffff-ffff00000147/click] to [POST http://127.0.0.1:8200/session/6b0f9b49-ed38-4473-ba20-9711b385699f/element/00000000-0000-0014-ffff-ffff00000147/click] with body: {"element":"00000000-0000-0014-ffff-ffff00000147"}
&amp#27;[38;5;112m[1378d1a9]&amp#27;[0m&amp#27;[38;5;-119m[AndroidUiautomator2Driver@577e]&amp#27;[0m Got response with status 200: {"sessionId":"6b0f9b49-ed38-4473-ba20-9711b385699f","value":null}
&amp#27;[38;5;112m[1378d1a9]&amp#27;[0m&amp#27;[38;5;-119m[AndroidUiautomator2Driver@577e]&amp#27;[0m Responding to client with driver.click() result: null
&amp#27;[38;5;112m[1378d1a9]&amp#27;[0m&amp#27;[38;5;86m[HTTP]&amp#27;[0m &amp#27;[37m<-- POST /session/1378d1a9-5c49-48c6-aab5-31a5cedb0eba/element/00000000-0000-0014-ffff-ffff00000147/click &amp#27;[39m&amp#27;[32m200&amp#27;[39m &amp#27;[90m218 ms - 14&amp#27;[39m &amp#27;[90m&amp#27;[39m
]]></system-out>
  </testcase>
</testsuite>